<?xml version="1.0" encoding="UTF-8"?>
<robot generator="Robot 7.4.2 (Python 3.9.6 on darwin)" generated="2026-04-19T13:43:26.187093" rpa="false" schemaversion="5">
<suite id="s1" name="Api Tests" source="/Users/fi-it/Documents/projects/MessMate/tests/api_tests.robot">
<kw name="Create Session" owner="RequestsLibrary" type="SETUP">
<msg time="2026-04-19T13:43:26.440969" level="INFO">Creating Session using : alias=messmate, url=http://localhost:5000, headers={},                     cookies={}, auth=None, timeout=None, proxies=None, verify=False,                     debug=0 </msg>
<arg>messmate</arg>
<arg>${BASE_URL}</arg>
<doc>Create Session: create a HTTP session to a server</doc>
<status status="PASS" start="2026-04-19T13:43:26.440566" elapsed="0.000739"/>
</kw>
<test id="s1-t1" name="TC39 Health Endpoint Returns 200" line="20">
<kw name="GET On Session" owner="RequestsLibrary">
<msg time="2026-04-19T13:43:26.535107" level="INFO">GET Request : url=http://localhost:5000/health 
 path_url=/health 
 headers={'User-Agent': 'python-requests/2.32.5', 'Accept-Encoding': 'gzip, deflate', 'Accept': '*/*', 'Connection': 'keep-alive'} 
 body=None 
 </msg>
<msg time="2026-04-19T13:43:26.535280" level="INFO">GET Response : url=http://localhost:5000/health 
 status=200, reason=OK 
 headers={'Server': 'Werkzeug/3.1.8 Python/3.9.6', 'Date': 'Sun, 19 Apr 2026 08:13:26 GMT', 'Content-Type': 'application/json', 'Content-Length': '21', 'Connection': 'close'} 
 body={
  "status": "ok"
}
 
 </msg>
<msg time="2026-04-19T13:43:26.535498" level="INFO">${resp} = &lt;Response [200]&gt;</msg>
<var>${resp}</var>
<arg>messmate</arg>
<arg>/health</arg>
<doc>Sends a GET request on a previously created HTTP Session.</doc>
<status status="PASS" start="2026-04-19T13:43:26.442265" elapsed="0.093287"/>
</kw>
<kw name="Status Should Be" owner="RequestsLibrary">
<arg>200</arg>
<arg>${resp}</arg>
<doc>Fails if response status code is different than the expected.</doc>
<status status="PASS" start="2026-04-19T13:43:26.535892" elapsed="0.000508"/>
</kw>
<doc>GET /health should return HTTP 200.</doc>
<tag>api</tag>
<tag>must</tag>
<tag>smoke</tag>
<status status="PASS" start="2026-04-19T13:43:26.441529" elapsed="0.095161"/>
</test>
<test id="s1-t2" name="TC40 Health Endpoint Returns JSON Status OK" line="26">
<kw name="GET On Session" owner="RequestsLibrary">
<msg time="2026-04-19T13:43:26.544697" level="INFO">GET Request : url=http://localhost:5000/health 
 path_url=/health 
 headers={'User-Agent': 'python-requests/2.32.5', 'Accept-Encoding': 'gzip, deflate', 'Accept': '*/*', 'Connection': 'keep-alive'} 
 body=None 
 </msg>
<msg time="2026-04-19T13:43:26.544828" level="INFO">GET Response : url=http://localhost:5000/health 
 status=200, reason=OK 
 headers={'Server': 'Werkzeug/3.1.8 Python/3.9.6', 'Date': 'Sun, 19 Apr 2026 08:13:26 GMT', 'Content-Type': 'application/json', 'Content-Length': '21', 'Connection': 'close'} 
 body={
  "status": "ok"
}
 
 </msg>
<msg time="2026-04-19T13:43:26.545083" level="INFO">${resp} = &lt;Response [200]&gt;</msg>
<var>${resp}</var>
<arg>messmate</arg>
<arg>/health</arg>
<doc>Sends a GET request on a previously created HTTP Session.</doc>
<status status="PASS" start="2026-04-19T13:43:26.537938" elapsed="0.007205"/>
</kw>
<kw name="Set Variable" owner="BuiltIn">
<msg time="2026-04-19T13:43:26.546662" level="INFO">${body} = {'status': 'ok'}</msg>
<var>${body}</var>
<arg>${resp.json()}</arg>
<doc>Returns the given values which can then be assigned to a variables.</doc>
<status status="PASS" start="2026-04-19T13:43:26.545467" elapsed="0.001248"/>
</kw>
<kw name="Should Be Equal" owner="BuiltIn">
<arg>${body}[status]</arg>
<arg>ok</arg>
<doc>Fails if the given objects are unequal.</doc>
<status status="PASS" start="2026-04-19T13:43:26.546984" elapsed="0.000551"/>
</kw>
<doc>GET /health should return {"status": "ok"}.</doc>
<tag>api</tag>
<tag>must</tag>
<tag>smoke</tag>
<status status="PASS" start="2026-04-19T13:43:26.537091" elapsed="0.010695"/>
</test>
<test id="s1-t3" name="TC41 Valid Minimal POST Returns 200 Or Redirect" line="35">
<kw name="Create Dictionary" owner="BuiltIn">
<msg time="2026-04-19T13:43:26.549557" level="INFO">${data} = {'overall': '3'}</msg>
<var>${data}</var>
<arg>overall=3</arg>
<doc>Creates and returns a dictionary based on the given ``items``.</doc>
<status status="PASS" start="2026-04-19T13:43:26.548899" elapsed="0.000711"/>
</kw>
<kw name="POST On Session" owner="RequestsLibrary">
<msg time="2026-04-19T13:43:26.610169" level="INFO">POST Request : url=http://localhost:5000/submit 
 path_url=/submit 
 headers={'User-Agent': 'python-requests/2.32.5', 'Accept-Encoding': 'gzip, deflate', 'Accept': '*/*', 'Connection': 'keep-alive', 'Content-Length': '9', 'Content-Type': 'application/x-www-form-urlencoded'} 
 body=overall=3 
 </msg>
<msg time="2026-04-19T13:43:26.610418" level="INFO">POST Response : url=http://localhost:5000/submit 
 status=429, reason=TOO MANY REQUESTS 
 headers={'Server': 'Werkzeug/3.1.8 Python/3.9.6', 'Date': 'Sun, 19 Apr 2026 08:13:26 GMT', 'Content-Type': 'text/html; charset=utf-8', 'Content-Length': '16748', 'Connection': 'close'} 
 body=&lt;!--
  MessMate Student Feedback Form (form.html)
  ------------------------------------------
  This Jinja2 template renders the mobile-first frontend form where students
  can submit their daily lunch ratings, dish specific ratings, text reviews,
  and dish suggestions. It includes inline Javascript to handle the mutual 
  exclusivity of the emoji buttons and the conditional logic for the Rice select dropdown.

  Test Automation Attributes:
    - id="submit-btn" on submit button
    - data-rice-row="curry" / data-rice-row="rasam" on rice containers
    - data-item="&lt;item_name&gt;" on item emoji buttons
    - class="error-banner" on error alert
--&gt;

&lt;!DOCTYPE html&gt;
&lt;html lang="en"&gt;
&lt;head&gt;
    &lt;meta charset="UTF-8"&gt;
    &lt;meta name="viewport" content="width=device-width, initial-scale=1.0"&gt;
    &lt;title&gt;MessMate — Rate Today's Lunch 🍱&lt;/title&gt;
    &lt;link rel="stylesheet" href="/static/style.css"&gt;
&lt;/head&gt;
&lt;body&gt;
    &lt;header&gt;
        &lt;h1&gt;MessMate&lt;/h1&gt;
        &lt;p&gt;Rate Today's Lunch 🍱&lt;/p&gt;
    &lt;/header&gt;

    &lt;main&gt;
        
        &lt;div class="alert error error-banner"&gt;You&amp;#39;ve already submitted feedback for today. Come back tomorrow! 😊&lt;/div&gt;
        
        
        &lt;form id="feedbackForm" action="/submit" method="POST"&gt;
            
            &lt;!-- SECTION 1: Overall Rating --&gt;
            &lt;section class="card section-overall"&gt;
                &lt;h2&gt;How was today's lunch overall?&lt;/h2&gt;
                &lt;div class="emoji-group" data-input="overall_val"&gt;
                    &lt;button type="button" class="emoji-btn" data-value="1"&gt;😡&lt;br&gt;&lt;span&gt;Terrible&lt;/span&gt;&lt;/button&gt;
                    &lt;button type="button" class="emoji-btn" data-value="2"&gt;😕&lt;br&gt;&lt;span&gt;Bad&lt;/span&gt;&lt;/button&gt;
                    &lt;button type="button" class="emoji-btn" data-value="3"&gt;😐&lt;br&gt;&lt;span&gt;Okay&lt;/span&gt;&lt;/button&gt;
                    &lt;button type="button" class="emoji-btn" data-value="4"&gt;🙂&lt;br&gt;&lt;span&gt;Good&lt;/span&gt;&lt;/button&gt;
                    &lt;button type="button" class="emoji-btn" data-value="5"&gt;😄&lt;br&gt;&lt;span&gt;Excellent&lt;/span&gt;&lt;/button&gt;
                &lt;/div&gt;
                &lt;input type="hidden" name="overall" id="overall_val"&gt;
            &lt;/section&gt;

            &lt;!-- SECTION 2: Per-Item Ratings --&gt;
            &lt;section class="section-items"&gt;
                &lt;h2&gt;Rate individual items &lt;span class="subtext"&gt;(optional)&lt;/span&gt;&lt;/h2&gt;
                &lt;p class="subtext-line"&gt;Only rate what was served today&lt;/p&gt;

                &lt;!-- Rice Card --&gt;
                &lt;div class="card item-card" id="rice-card"&gt;
                    &lt;label for="rice_served" class="item-label"&gt;🍚 Rice&lt;/label&gt;
                    &lt;select id="rice_served" name="rice_served" class="dropdown"&gt;
                        &lt;option value=""&gt;Select...&lt;/option&gt;
                        &lt;option value="curry"&gt;Curry&lt;/option&gt;
                        &lt;option value="rasam"&gt;Rasam&lt;/option&gt;
                        &lt;option value="both"&gt;Both&lt;/option&gt;
                    &lt;/select&gt;

                    &lt;div id="rice_curry_container" class="conditional-rating hidden" data-rice-row="curry"&gt;
                        &lt;p class="sub-label"&gt;Rice + Curry&lt;/p&gt;
                        &lt;div class="emoji-group small-group" data-input="rice_curry_val"&gt;
                            &lt;button type="button" class="emoji-btn" data-item="rice_curry" data-value="1"&gt;😡&lt;/button&gt;
                            &lt;button type="button" class="emoji-btn" data-item="rice_curry" data-value="2"&gt;😕&lt;/button&gt;
                            &lt;button type="button" class="emoji-btn" data-item="rice_curry" data-value="3"&gt;😐&lt;/button&gt;
                            &lt;button type="button" class="emoji-btn" data-item="rice_curry" data-value="4"&gt;🙂&lt;/button&gt;
                            &lt;button type="button" class="emoji-btn" data-item="rice_curry" data-value="5"&gt;😄&lt;/button&gt;
                        &lt;/div&gt;
                        &lt;input type="hidden" name="rice_curry" id="rice_curry_val"&gt;
                    &lt;/div&gt;

                    &lt;div id="rice_rasam_container" class="conditional-rating hidden" data-rice-row="rasam"&gt;
                        &lt;p class="sub-label"&gt;Rice + Rasam&lt;/p&gt;
                        &lt;div class="emoji-group small-group" data-input="rice_rasam_val"&gt;
                            &lt;button type="button" class="emoji-btn" data-item="rice_rasam" data-value="1"&gt;😡&lt;/button&gt;
                            &lt;button type="button" class="emoji-btn" data-item="rice_rasam" data-value="2"&gt;😕&lt;/button&gt;
                            &lt;button type="button" class="emoji-btn" data-item="rice_rasam" data-value="3"&gt;😐&lt;/button&gt;
                            &lt;button type="button" class="emoji-btn" data-item="rice_rasam" data-value="4"&gt;🙂&lt;/button&gt;
                            &lt;button type="button" class="emoji-btn" data-item="rice_rasam" data-value="5"&gt;😄&lt;/button&gt;
                        &lt;/div&gt;
                        &lt;input type="hidden" name="rice_rasam" id="rice_rasam_val"&gt;
                    &lt;/div&gt;
                &lt;/div&gt;

                &lt;!-- Standard Item Cards --&gt;
                &lt;div class="card item-card"&gt;
                    &lt;label class="item-label"&gt;🫓 Chapati&lt;/label&gt;
                    &lt;div class="emoji-group small-group" data-input="chapati_val"&gt;
                        &lt;button type="button" class="emoji-btn" data-item="chapati" data-value="1"&gt;😡&lt;/button&gt;
                        &lt;button type="button" class="emoji-btn" data-item="chapati" data-value="2"&gt;😕&lt;/button&gt;
                        &lt;button type="button" class="emoji-btn" data-item="chapati" data-value="3"&gt;😐&lt;/button&gt;
                        &lt;button type="button" class="emoji-btn" data-item="chapati" data-value="4"&gt;🙂&lt;/button&gt;
                        &lt;button type="button" class="emoji-btn" data-item="chapati" data-value="5"&gt;😄&lt;/button&gt;
                    &lt;/div&gt;
                    &lt;input type="hidden" name="chapati" id="chapati_val"&gt;
                &lt;/div&gt;

                &lt;div class="card item-card"&gt;
                    &lt;label class="item-label"&gt;🫓 Chapati + Gravy / Sabzi&lt;/label&gt;
                    &lt;div class="emoji-group small-group" data-input="chapati_gravy_val"&gt;
                        &lt;button type="button" class="emoji-btn" data-item="chapati_gravy" data-value="1"&gt;😡&lt;/button&gt;
                        &lt;button type="button" class="emoji-btn" data-item="chapati_gravy" data-value="2"&gt;😕&lt;/button&gt;
                        &lt;button type="button" class="emoji-btn" data-item="chapati_gravy" data-value="3"&gt;😐&lt;/button&gt;
                        &lt;button type="button" class="emoji-btn" data-item="chapati_gravy" data-value="4"&gt;🙂&lt;/button&gt;
                        &lt;button type="button" class="emoji-btn" data-item="chapati_gravy" data-value="5"&gt;😄&lt;/button&gt;
                    &lt;/div&gt;
                    &lt;input type="hidden" name="chapati_gravy" id="chapati_gravy_val"&gt;
                &lt;/div&gt;

                &lt;div class="card item-card"&gt;
                    &lt;label class="item-label"&gt;🥬 Poriyal&lt;/label&gt;
                    &lt;div class="emoji-group small-group" data-input="poriyal_val"&gt;
                        &lt;button type="button" class="emoji-btn" data-item="poriyal" data-value="1"&gt;😡&lt;/button&gt;
                        &lt;button type="button" class="emoji-btn" data-item="poriyal" data-value="2"&gt;😕&lt;/button&gt;
                        &lt;button type="button" class="emoji-btn" data-item="poriyal" data-value="3"&gt;😐&lt;/button&gt;
                        &lt;button type="button" class="emoji-btn" data-item="poriyal" data-value="4"&gt;🙂&lt;/button&gt;
                        &lt;button type="button" class="emoji-btn" data-item="poriyal" data-value="5"&gt;😄&lt;/button&gt;
                    &lt;/div&gt;
                    &lt;input type="hidden" name="poriyal" id="poriyal_val"&gt;
                &lt;/div&gt;

                &lt;div class="card item-card"&gt;
                    &lt;label class="item-label"&gt;🍮 Sweet / Fruits&lt;/label&gt;
                    &lt;div class="emoji-group small-group" data-input="sweet_val"&gt;
                        &lt;button type="button" class="emoji-btn" data-item="sweet" data-value="1"&gt;😡&lt;/button&gt;
                        &lt;button type="button" class="emoji-btn" data-item="sweet" data-value="2"&gt;😕&lt;/button&gt;
                        &lt;button type="button" class="emoji-btn" data-item="sweet" data-value="3"&gt;😐&lt;/button&gt;
                        &lt;button type="button" class="emoji-btn" data-item="sweet" data-value="4"&gt;🙂&lt;/button&gt;
                        &lt;button type="button" class="emoji-btn" data-item="sweet" data-value="5"&gt;😄&lt;/button&gt;
                    &lt;/div&gt;
                    &lt;input type="hidden" name="sweet" id="sweet_val"&gt;
                &lt;/div&gt;

                &lt;div class="card item-card"&gt;
                    &lt;label class="item-label"&gt;🥗 Salad&lt;/label&gt;
                    &lt;div class="emoji-group small-group" data-input="salad_val"&gt;
                        &lt;button type="button" class="emoji-btn" data-item="salad" data-value="1"&gt;😡&lt;/button&gt;
                        &lt;button type="button" class="emoji-btn" data-item="salad" data-value="2"&gt;😕&lt;/button&gt;
                        &lt;button type="button" class="emoji-btn" data-item="salad" data-value="3"&gt;😐&lt;/button&gt;
                        &lt;button type="button" class="emoji-btn" data-item="salad" data-value="4"&gt;🙂&lt;/button&gt;
                        &lt;button type="button" class="emoji-btn" data-item="salad" data-value="5"&gt;😄&lt;/button&gt;
                    &lt;/div&gt;
                    &lt;input type="hidden" name="salad" id="salad_val"&gt;
                &lt;/div&gt;

                &lt;div class="card item-card"&gt;
                    &lt;label class="item-label"&gt;🥛 Curd&lt;/label&gt;
                    &lt;div class="emoji-group small-group" data-input="curd_val"&gt;
                        &lt;button type="button" class="emoji-btn" data-item="curd" data-value="1"&gt;😡&lt;/button&gt;
                        &lt;button type="button" class="emoji-btn" data-item="curd" data-value="2"&gt;😕&lt;/button&gt;
                        &lt;button type="button" class="emoji-btn" data-item="curd" data-value="3"&gt;😐&lt;/button&gt;
                        &lt;button type="button" class="emoji-btn" data-item="curd" data-value="4"&gt;🙂&lt;/button&gt;
                        &lt;button type="button" class="emoji-... (set the log level to DEBUG or TRACE to see the full content) 
 </msg>
<msg time="2026-04-19T13:43:26.611196" level="INFO">${resp} = &lt;Response [429]&gt;</msg>
<var>${resp}</var>
<arg>messmate</arg>
<arg>/submit</arg>
<arg>data=${data}</arg>
<arg>expected_status=any</arg>
<doc>Sends a POST request on a previously created HTTP Session.</doc>
<status status="PASS" start="2026-04-19T13:43:26.549860" elapsed="0.061399"/>
</kw>
<kw name="Should Be True" owner="BuiltIn">
<msg time="2026-04-19T13:43:26.612923" level="FAIL">'429 in [200, 302]' should be true.</msg>
<arg>${resp.status_code} in [200, 302]</arg>
<doc>Fails if the given condition is not true.</doc>
<status status="FAIL" start="2026-04-19T13:43:26.611602" elapsed="0.001455">'429 in [200, 302]' should be true.</status>
</kw>
<doc>POST /submit with overall=3 should succeed (200 or 302 redirect).</doc>
<tag>api</tag>
<tag>submission</tag>
<status status="FAIL" start="2026-04-19T13:43:26.548148" elapsed="0.065252">'429 in [200, 302]' should be true.</status>
</test>
<test id="s1-t4" name="TC42 POST Without Overall Returns Error" line="44">
<kw name="Create Dictionary" owner="BuiltIn">
<msg time="2026-04-19T13:43:26.615138" level="INFO">${data} = {'chapati': '3'}</msg>
<var>${data}</var>
<arg>chapati=3</arg>
<doc>Creates and returns a dictionary based on the given ``items``.</doc>
<status status="PASS" start="2026-04-19T13:43:26.614549" elapsed="0.000643"/>
</kw>
<kw name="POST On Session" owner="RequestsLibrary">
<msg time="2026-04-19T13:43:26.623130" level="INFO">POST Request : url=http://localhost:5000/submit 
 path_url=/submit 
 headers={'User-Agent': 'python-requests/2.32.5', 'Accept-Encoding': 'gzip, deflate', 'Accept': '*/*', 'Connection': 'keep-alive', 'Content-Length': '9', 'Content-Type': 'application/x-www-form-urlencoded'} 
 body=chapati=3 
 </msg>
<msg time="2026-04-19T13:43:26.623341" level="INFO">POST Response : url=http://localhost:5000/submit 
 status=429, reason=TOO MANY REQUESTS 
 headers={'Server': 'Werkzeug/3.1.8 Python/3.9.6', 'Date': 'Sun, 19 Apr 2026 08:13:26 GMT', 'Content-Type': 'text/html; charset=utf-8', 'Content-Length': '16748', 'Connection': 'close'} 
 body=&lt;!--
  MessMate Student Feedback Form (form.html)
  ------------------------------------------
  This Jinja2 template renders the mobile-first frontend form where students
  can submit their daily lunch ratings, dish specific ratings, text reviews,
  and dish suggestions. It includes inline Javascript to handle the mutual 
  exclusivity of the emoji buttons and the conditional logic for the Rice select dropdown.

  Test Automation Attributes:
    - id="submit-btn" on submit button
    - data-rice-row="curry" / data-rice-row="rasam" on rice containers
    - data-item="&lt;item_name&gt;" on item emoji buttons
    - class="error-banner" on error alert
--&gt;

&lt;!DOCTYPE html&gt;
&lt;html lang="en"&gt;
&lt;head&gt;
    &lt;meta charset="UTF-8"&gt;
    &lt;meta name="viewport" content="width=device-width, initial-scale=1.0"&gt;
    &lt;title&gt;MessMate — Rate Today's Lunch 🍱&lt;/title&gt;
    &lt;link rel="stylesheet" href="/static/style.css"&gt;
&lt;/head&gt;
&lt;body&gt;
    &lt;header&gt;
        &lt;h1&gt;MessMate&lt;/h1&gt;
        &lt;p&gt;Rate Today's Lunch 🍱&lt;/p&gt;
    &lt;/header&gt;

    &lt;main&gt;
        
        &lt;div class="alert error error-banner"&gt;You&amp;#39;ve already submitted feedback for today. Come back tomorrow! 😊&lt;/div&gt;
        
        
        &lt;form id="feedbackForm" action="/submit" method="POST"&gt;
            
            &lt;!-- SECTION 1: Overall Rating --&gt;
            &lt;section class="card section-overall"&gt;
                &lt;h2&gt;How was today's lunch overall?&lt;/h2&gt;
                &lt;div class="emoji-group" data-input="overall_val"&gt;
                    &lt;button type="button" class="emoji-btn" data-value="1"&gt;😡&lt;br&gt;&lt;span&gt;Terrible&lt;/span&gt;&lt;/button&gt;
                    &lt;button type="button" class="emoji-btn" data-value="2"&gt;😕&lt;br&gt;&lt;span&gt;Bad&lt;/span&gt;&lt;/button&gt;
                    &lt;button type="button" class="emoji-btn" data-value="3"&gt;😐&lt;br&gt;&lt;span&gt;Okay&lt;/span&gt;&lt;/button&gt;
                    &lt;button type="button" class="emoji-btn" data-value="4"&gt;🙂&lt;br&gt;&lt;span&gt;Good&lt;/span&gt;&lt;/button&gt;
                    &lt;button type="button" class="emoji-btn" data-value="5"&gt;😄&lt;br&gt;&lt;span&gt;Excellent&lt;/span&gt;&lt;/button&gt;
                &lt;/div&gt;
                &lt;input type="hidden" name="overall" id="overall_val"&gt;
            &lt;/section&gt;

            &lt;!-- SECTION 2: Per-Item Ratings --&gt;
            &lt;section class="section-items"&gt;
                &lt;h2&gt;Rate individual items &lt;span class="subtext"&gt;(optional)&lt;/span&gt;&lt;/h2&gt;
                &lt;p class="subtext-line"&gt;Only rate what was served today&lt;/p&gt;

                &lt;!-- Rice Card --&gt;
                &lt;div class="card item-card" id="rice-card"&gt;
                    &lt;label for="rice_served" class="item-label"&gt;🍚 Rice&lt;/label&gt;
                    &lt;select id="rice_served" name="rice_served" class="dropdown"&gt;
                        &lt;option value=""&gt;Select...&lt;/option&gt;
                        &lt;option value="curry"&gt;Curry&lt;/option&gt;
                        &lt;option value="rasam"&gt;Rasam&lt;/option&gt;
                        &lt;option value="both"&gt;Both&lt;/option&gt;
                    &lt;/select&gt;

                    &lt;div id="rice_curry_container" class="conditional-rating hidden" data-rice-row="curry"&gt;
                        &lt;p class="sub-label"&gt;Rice + Curry&lt;/p&gt;
                        &lt;div class="emoji-group small-group" data-input="rice_curry_val"&gt;
                            &lt;button type="button" class="emoji-btn" data-item="rice_curry" data-value="1"&gt;😡&lt;/button&gt;
                            &lt;button type="button" class="emoji-btn" data-item="rice_curry" data-value="2"&gt;😕&lt;/button&gt;
                            &lt;button type="button" class="emoji-btn" data-item="rice_curry" data-value="3"&gt;😐&lt;/button&gt;
                            &lt;button type="button" class="emoji-btn" data-item="rice_curry" data-value="4"&gt;🙂&lt;/button&gt;
                            &lt;button type="button" class="emoji-btn" data-item="rice_curry" data-value="5"&gt;😄&lt;/button&gt;
                        &lt;/div&gt;
                        &lt;input type="hidden" name="rice_curry" id="rice_curry_val"&gt;
                    &lt;/div&gt;

                    &lt;div id="rice_rasam_container" class="conditional-rating hidden" data-rice-row="rasam"&gt;
                        &lt;p class="sub-label"&gt;Rice + Rasam&lt;/p&gt;
                        &lt;div class="emoji-group small-group" data-input="rice_rasam_val"&gt;
                            &lt;button type="button" class="emoji-btn" data-item="rice_rasam" data-value="1"&gt;😡&lt;/button&gt;
                            &lt;button type="button" class="emoji-btn" data-item="rice_rasam" data-value="2"&gt;😕&lt;/button&gt;
                            &lt;button type="button" class="emoji-btn" data-item="rice_rasam" data-value="3"&gt;😐&lt;/button&gt;
                            &lt;button type="button" class="emoji-btn" data-item="rice_rasam" data-value="4"&gt;🙂&lt;/button&gt;
                            &lt;button type="button" class="emoji-btn" data-item="rice_rasam" data-value="5"&gt;😄&lt;/button&gt;
                        &lt;/div&gt;
                        &lt;input type="hidden" name="rice_rasam" id="rice_rasam_val"&gt;
                    &lt;/div&gt;
                &lt;/div&gt;

                &lt;!-- Standard Item Cards --&gt;
                &lt;div class="card item-card"&gt;
                    &lt;label class="item-label"&gt;🫓 Chapati&lt;/label&gt;
                    &lt;div class="emoji-group small-group" data-input="chapati_val"&gt;
                        &lt;button type="button" class="emoji-btn" data-item="chapati" data-value="1"&gt;😡&lt;/button&gt;
                        &lt;button type="button" class="emoji-btn" data-item="chapati" data-value="2"&gt;😕&lt;/button&gt;
                        &lt;button type="button" class="emoji-btn" data-item="chapati" data-value="3"&gt;😐&lt;/button&gt;
                        &lt;button type="button" class="emoji-btn" data-item="chapati" data-value="4"&gt;🙂&lt;/button&gt;
                        &lt;button type="button" class="emoji-btn" data-item="chapati" data-value="5"&gt;😄&lt;/button&gt;
                    &lt;/div&gt;
                    &lt;input type="hidden" name="chapati" id="chapati_val"&gt;
                &lt;/div&gt;

                &lt;div class="card item-card"&gt;
                    &lt;label class="item-label"&gt;🫓 Chapati + Gravy / Sabzi&lt;/label&gt;
                    &lt;div class="emoji-group small-group" data-input="chapati_gravy_val"&gt;
                        &lt;button type="button" class="emoji-btn" data-item="chapati_gravy" data-value="1"&gt;😡&lt;/button&gt;
                        &lt;button type="button" class="emoji-btn" data-item="chapati_gravy" data-value="2"&gt;😕&lt;/button&gt;
                        &lt;button type="button" class="emoji-btn" data-item="chapati_gravy" data-value="3"&gt;😐&lt;/button&gt;
                        &lt;button type="button" class="emoji-btn" data-item="chapati_gravy" data-value="4"&gt;🙂&lt;/button&gt;
                        &lt;button type="button" class="emoji-btn" data-item="chapati_gravy" data-value="5"&gt;😄&lt;/button&gt;
                    &lt;/div&gt;
                    &lt;input type="hidden" name="chapati_gravy" id="chapati_gravy_val"&gt;
                &lt;/div&gt;

                &lt;div class="card item-card"&gt;
                    &lt;label class="item-label"&gt;🥬 Poriyal&lt;/label&gt;
                    &lt;div class="emoji-group small-group" data-input="poriyal_val"&gt;
                        &lt;button type="button" class="emoji-btn" data-item="poriyal" data-value="1"&gt;😡&lt;/button&gt;
                        &lt;button type="button" class="emoji-btn" data-item="poriyal" data-value="2"&gt;😕&lt;/button&gt;
                        &lt;button type="button" class="emoji-btn" data-item="poriyal" data-value="3"&gt;😐&lt;/button&gt;
                        &lt;button type="button" class="emoji-btn" data-item="poriyal" data-value="4"&gt;🙂&lt;/button&gt;
                        &lt;button type="button" class="emoji-btn" data-item="poriyal" data-value="5"&gt;😄&lt;/button&gt;
                    &lt;/div&gt;
                    &lt;input type="hidden" name="poriyal" id="poriyal_val"&gt;
                &lt;/div&gt;

                &lt;div class="card item-card"&gt;
                    &lt;label class="item-label"&gt;🍮 Sweet / Fruits&lt;/label&gt;
                    &lt;div class="emoji-group small-group" data-input="sweet_val"&gt;
                        &lt;button type="button" class="emoji-btn" data-item="sweet" data-value="1"&gt;😡&lt;/button&gt;
                        &lt;button type="button" class="emoji-btn" data-item="sweet" data-value="2"&gt;😕&lt;/button&gt;
                        &lt;button type="button" class="emoji-btn" data-item="sweet" data-value="3"&gt;😐&lt;/button&gt;
                        &lt;button type="button" class="emoji-btn" data-item="sweet" data-value="4"&gt;🙂&lt;/button&gt;
                        &lt;button type="button" class="emoji-btn" data-item="sweet" data-value="5"&gt;😄&lt;/button&gt;
                    &lt;/div&gt;
                    &lt;input type="hidden" name="sweet" id="sweet_val"&gt;
                &lt;/div&gt;

                &lt;div class="card item-card"&gt;
                    &lt;label class="item-label"&gt;🥗 Salad&lt;/label&gt;
                    &lt;div class="emoji-group small-group" data-input="salad_val"&gt;
                        &lt;button type="button" class="emoji-btn" data-item="salad" data-value="1"&gt;😡&lt;/button&gt;
                        &lt;button type="button" class="emoji-btn" data-item="salad" data-value="2"&gt;😕&lt;/button&gt;
                        &lt;button type="button" class="emoji-btn" data-item="salad" data-value="3"&gt;😐&lt;/button&gt;
                        &lt;button type="button" class="emoji-btn" data-item="salad" data-value="4"&gt;🙂&lt;/button&gt;
                        &lt;button type="button" class="emoji-btn" data-item="salad" data-value="5"&gt;😄&lt;/button&gt;
                    &lt;/div&gt;
                    &lt;input type="hidden" name="salad" id="salad_val"&gt;
                &lt;/div&gt;

                &lt;div class="card item-card"&gt;
                    &lt;label class="item-label"&gt;🥛 Curd&lt;/label&gt;
                    &lt;div class="emoji-group small-group" data-input="curd_val"&gt;
                        &lt;button type="button" class="emoji-btn" data-item="curd" data-value="1"&gt;😡&lt;/button&gt;
                        &lt;button type="button" class="emoji-btn" data-item="curd" data-value="2"&gt;😕&lt;/button&gt;
                        &lt;button type="button" class="emoji-btn" data-item="curd" data-value="3"&gt;😐&lt;/button&gt;
                        &lt;button type="button" class="emoji-btn" data-item="curd" data-value="4"&gt;🙂&lt;/button&gt;
                        &lt;button type="button" class="emoji-... (set the log level to DEBUG or TRACE to see the full content) 
 </msg>
<msg time="2026-04-19T13:43:26.623877" level="INFO">${resp} = &lt;Response [429]&gt;</msg>
<var>${resp}</var>
<arg>messmate</arg>
<arg>/submit</arg>
<arg>data=${data}</arg>
<arg>expected_status=any</arg>
<doc>Sends a POST request on a previously created HTTP Session.</doc>
<status status="PASS" start="2026-04-19T13:43:26.615446" elapsed="0.008487"/>
</kw>
<kw name="Should Not Contain" owner="BuiltIn">
<arg>${resp.url}</arg>
<arg>/thanks</arg>
<doc>Fails if ``container`` contains ``item`` one or more times.</doc>
<status status="PASS" start="2026-04-19T13:43:26.624259" elapsed="0.001299"/>
</kw>
<doc>POST /submit without an overall rating should not redirect to thanks.</doc>
<tag>api</tag>
<tag>submission</tag>
<tag>validation</tag>
<status status="PASS" start="2026-04-19T13:43:26.613802" elapsed="0.012019"/>
</test>
<test id="s1-t5" name="TC43 POST With Invalid Overall Value Returns Error" line="53">
<kw name="Create Dictionary" owner="BuiltIn">
<msg time="2026-04-19T13:43:26.627462" level="INFO">${data} = {'overall': '9'}</msg>
<var>${data}</var>
<arg>overall=9</arg>
<doc>Creates and returns a dictionary based on the given ``items``.</doc>
<status status="PASS" start="2026-04-19T13:43:26.626922" elapsed="0.000592"/>
</kw>
<kw name="POST On Session" owner="RequestsLibrary">
<msg time="2026-04-19T13:43:26.633174" level="INFO">POST Request : url=http://localhost:5000/submit 
 path_url=/submit 
 headers={'User-Agent': 'python-requests/2.32.5', 'Accept-Encoding': 'gzip, deflate', 'Accept': '*/*', 'Connection': 'keep-alive', 'Content-Length': '9', 'Content-Type': 'application/x-www-form-urlencoded'} 
 body=overall=9 
 </msg>
<msg time="2026-04-19T13:43:26.633350" level="INFO">POST Response : url=http://localhost:5000/submit 
 status=429, reason=TOO MANY REQUESTS 
 headers={'Server': 'Werkzeug/3.1.8 Python/3.9.6', 'Date': 'Sun, 19 Apr 2026 08:13:26 GMT', 'Content-Type': 'text/html; charset=utf-8', 'Content-Length': '16748', 'Connection': 'close'} 
 body=&lt;!--
  MessMate Student Feedback Form (form.html)
  ------------------------------------------
  This Jinja2 template renders the mobile-first frontend form where students
  can submit their daily lunch ratings, dish specific ratings, text reviews,
  and dish suggestions. It includes inline Javascript to handle the mutual 
  exclusivity of the emoji buttons and the conditional logic for the Rice select dropdown.

  Test Automation Attributes:
    - id="submit-btn" on submit button
    - data-rice-row="curry" / data-rice-row="rasam" on rice containers
    - data-item="&lt;item_name&gt;" on item emoji buttons
    - class="error-banner" on error alert
--&gt;

&lt;!DOCTYPE html&gt;
&lt;html lang="en"&gt;
&lt;head&gt;
    &lt;meta charset="UTF-8"&gt;
    &lt;meta name="viewport" content="width=device-width, initial-scale=1.0"&gt;
    &lt;title&gt;MessMate — Rate Today's Lunch 🍱&lt;/title&gt;
    &lt;link rel="stylesheet" href="/static/style.css"&gt;
&lt;/head&gt;
&lt;body&gt;
    &lt;header&gt;
        &lt;h1&gt;MessMate&lt;/h1&gt;
        &lt;p&gt;Rate Today's Lunch 🍱&lt;/p&gt;
    &lt;/header&gt;

    &lt;main&gt;
        
        &lt;div class="alert error error-banner"&gt;You&amp;#39;ve already submitted feedback for today. Come back tomorrow! 😊&lt;/div&gt;
        
        
        &lt;form id="feedbackForm" action="/submit" method="POST"&gt;
            
            &lt;!-- SECTION 1: Overall Rating --&gt;
            &lt;section class="card section-overall"&gt;
                &lt;h2&gt;How was today's lunch overall?&lt;/h2&gt;
                &lt;div class="emoji-group" data-input="overall_val"&gt;
                    &lt;button type="button" class="emoji-btn" data-value="1"&gt;😡&lt;br&gt;&lt;span&gt;Terrible&lt;/span&gt;&lt;/button&gt;
                    &lt;button type="button" class="emoji-btn" data-value="2"&gt;😕&lt;br&gt;&lt;span&gt;Bad&lt;/span&gt;&lt;/button&gt;
                    &lt;button type="button" class="emoji-btn" data-value="3"&gt;😐&lt;br&gt;&lt;span&gt;Okay&lt;/span&gt;&lt;/button&gt;
                    &lt;button type="button" class="emoji-btn" data-value="4"&gt;🙂&lt;br&gt;&lt;span&gt;Good&lt;/span&gt;&lt;/button&gt;
                    &lt;button type="button" class="emoji-btn" data-value="5"&gt;😄&lt;br&gt;&lt;span&gt;Excellent&lt;/span&gt;&lt;/button&gt;
                &lt;/div&gt;
                &lt;input type="hidden" name="overall" id="overall_val"&gt;
            &lt;/section&gt;

            &lt;!-- SECTION 2: Per-Item Ratings --&gt;
            &lt;section class="section-items"&gt;
                &lt;h2&gt;Rate individual items &lt;span class="subtext"&gt;(optional)&lt;/span&gt;&lt;/h2&gt;
                &lt;p class="subtext-line"&gt;Only rate what was served today&lt;/p&gt;

                &lt;!-- Rice Card --&gt;
                &lt;div class="card item-card" id="rice-card"&gt;
                    &lt;label for="rice_served" class="item-label"&gt;🍚 Rice&lt;/label&gt;
                    &lt;select id="rice_served" name="rice_served" class="dropdown"&gt;
                        &lt;option value=""&gt;Select...&lt;/option&gt;
                        &lt;option value="curry"&gt;Curry&lt;/option&gt;
                        &lt;option value="rasam"&gt;Rasam&lt;/option&gt;
                        &lt;option value="both"&gt;Both&lt;/option&gt;
                    &lt;/select&gt;

                    &lt;div id="rice_curry_container" class="conditional-rating hidden" data-rice-row="curry"&gt;
                        &lt;p class="sub-label"&gt;Rice + Curry&lt;/p&gt;
                        &lt;div class="emoji-group small-group" data-input="rice_curry_val"&gt;
                            &lt;button type="button" class="emoji-btn" data-item="rice_curry" data-value="1"&gt;😡&lt;/button&gt;
                            &lt;button type="button" class="emoji-btn" data-item="rice_curry" data-value="2"&gt;😕&lt;/button&gt;
                            &lt;button type="button" class="emoji-btn" data-item="rice_curry" data-value="3"&gt;😐&lt;/button&gt;
                            &lt;button type="button" class="emoji-btn" data-item="rice_curry" data-value="4"&gt;🙂&lt;/button&gt;
                            &lt;button type="button" class="emoji-btn" data-item="rice_curry" data-value="5"&gt;😄&lt;/button&gt;
                        &lt;/div&gt;
                        &lt;input type="hidden" name="rice_curry" id="rice_curry_val"&gt;
                    &lt;/div&gt;

                    &lt;div id="rice_rasam_container" class="conditional-rating hidden" data-rice-row="rasam"&gt;
                        &lt;p class="sub-label"&gt;Rice + Rasam&lt;/p&gt;
                        &lt;div class="emoji-group small-group" data-input="rice_rasam_val"&gt;
                            &lt;button type="button" class="emoji-btn" data-item="rice_rasam" data-value="1"&gt;😡&lt;/button&gt;
                            &lt;button type="button" class="emoji-btn" data-item="rice_rasam" data-value="2"&gt;😕&lt;/button&gt;
                            &lt;button type="button" class="emoji-btn" data-item="rice_rasam" data-value="3"&gt;😐&lt;/button&gt;
                            &lt;button type="button" class="emoji-btn" data-item="rice_rasam" data-value="4"&gt;🙂&lt;/button&gt;
                            &lt;button type="button" class="emoji-btn" data-item="rice_rasam" data-value="5"&gt;😄&lt;/button&gt;
                        &lt;/div&gt;
                        &lt;input type="hidden" name="rice_rasam" id="rice_rasam_val"&gt;
                    &lt;/div&gt;
                &lt;/div&gt;

                &lt;!-- Standard Item Cards --&gt;
                &lt;div class="card item-card"&gt;
                    &lt;label class="item-label"&gt;🫓 Chapati&lt;/label&gt;
                    &lt;div class="emoji-group small-group" data-input="chapati_val"&gt;
                        &lt;button type="button" class="emoji-btn" data-item="chapati" data-value="1"&gt;😡&lt;/button&gt;
                        &lt;button type="button" class="emoji-btn" data-item="chapati" data-value="2"&gt;😕&lt;/button&gt;
                        &lt;button type="button" class="emoji-btn" data-item="chapati" data-value="3"&gt;😐&lt;/button&gt;
                        &lt;button type="button" class="emoji-btn" data-item="chapati" data-value="4"&gt;🙂&lt;/button&gt;
                        &lt;button type="button" class="emoji-btn" data-item="chapati" data-value="5"&gt;😄&lt;/button&gt;
                    &lt;/div&gt;
                    &lt;input type="hidden" name="chapati" id="chapati_val"&gt;
                &lt;/div&gt;

                &lt;div class="card item-card"&gt;
                    &lt;label class="item-label"&gt;🫓 Chapati + Gravy / Sabzi&lt;/label&gt;
                    &lt;div class="emoji-group small-group" data-input="chapati_gravy_val"&gt;
                        &lt;button type="button" class="emoji-btn" data-item="chapati_gravy" data-value="1"&gt;😡&lt;/button&gt;
                        &lt;button type="button" class="emoji-btn" data-item="chapati_gravy" data-value="2"&gt;😕&lt;/button&gt;
                        &lt;button type="button" class="emoji-btn" data-item="chapati_gravy" data-value="3"&gt;😐&lt;/button&gt;
                        &lt;button type="button" class="emoji-btn" data-item="chapati_gravy" data-value="4"&gt;🙂&lt;/button&gt;
                        &lt;button type="button" class="emoji-btn" data-item="chapati_gravy" data-value="5"&gt;😄&lt;/button&gt;
                    &lt;/div&gt;
                    &lt;input type="hidden" name="chapati_gravy" id="chapati_gravy_val"&gt;
                &lt;/div&gt;

                &lt;div class="card item-card"&gt;
                    &lt;label class="item-label"&gt;🥬 Poriyal&lt;/label&gt;
                    &lt;div class="emoji-group small-group" data-input="poriyal_val"&gt;
                        &lt;button type="button" class="emoji-btn" data-item="poriyal" data-value="1"&gt;😡&lt;/button&gt;
                        &lt;button type="button" class="emoji-btn" data-item="poriyal" data-value="2"&gt;😕&lt;/button&gt;
                        &lt;button type="button" class="emoji-btn" data-item="poriyal" data-value="3"&gt;😐&lt;/button&gt;
                        &lt;button type="button" class="emoji-btn" data-item="poriyal" data-value="4"&gt;🙂&lt;/button&gt;
                        &lt;button type="button" class="emoji-btn" data-item="poriyal" data-value="5"&gt;😄&lt;/button&gt;
                    &lt;/div&gt;
                    &lt;input type="hidden" name="poriyal" id="poriyal_val"&gt;
                &lt;/div&gt;

                &lt;div class="card item-card"&gt;
                    &lt;label class="item-label"&gt;🍮 Sweet / Fruits&lt;/label&gt;
                    &lt;div class="emoji-group small-group" data-input="sweet_val"&gt;
                        &lt;button type="button" class="emoji-btn" data-item="sweet" data-value="1"&gt;😡&lt;/button&gt;
                        &lt;button type="button" class="emoji-btn" data-item="sweet" data-value="2"&gt;😕&lt;/button&gt;
                        &lt;button type="button" class="emoji-btn" data-item="sweet" data-value="3"&gt;😐&lt;/button&gt;
                        &lt;button type="button" class="emoji-btn" data-item="sweet" data-value="4"&gt;🙂&lt;/button&gt;
                        &lt;button type="button" class="emoji-btn" data-item="sweet" data-value="5"&gt;😄&lt;/button&gt;
                    &lt;/div&gt;
                    &lt;input type="hidden" name="sweet" id="sweet_val"&gt;
                &lt;/div&gt;

                &lt;div class="card item-card"&gt;
                    &lt;label class="item-label"&gt;🥗 Salad&lt;/label&gt;
                    &lt;div class="emoji-group small-group" data-input="salad_val"&gt;
                        &lt;button type="button" class="emoji-btn" data-item="salad" data-value="1"&gt;😡&lt;/button&gt;
                        &lt;button type="button" class="emoji-btn" data-item="salad" data-value="2"&gt;😕&lt;/button&gt;
                        &lt;button type="button" class="emoji-btn" data-item="salad" data-value="3"&gt;😐&lt;/button&gt;
                        &lt;button type="button" class="emoji-btn" data-item="salad" data-value="4"&gt;🙂&lt;/button&gt;
                        &lt;button type="button" class="emoji-btn" data-item="salad" data-value="5"&gt;😄&lt;/button&gt;
                    &lt;/div&gt;
                    &lt;input type="hidden" name="salad" id="salad_val"&gt;
                &lt;/div&gt;

                &lt;div class="card item-card"&gt;
                    &lt;label class="item-label"&gt;🥛 Curd&lt;/label&gt;
                    &lt;div class="emoji-group small-group" data-input="curd_val"&gt;
                        &lt;button type="button" class="emoji-btn" data-item="curd" data-value="1"&gt;😡&lt;/button&gt;
                        &lt;button type="button" class="emoji-btn" data-item="curd" data-value="2"&gt;😕&lt;/button&gt;
                        &lt;button type="button" class="emoji-btn" data-item="curd" data-value="3"&gt;😐&lt;/button&gt;
                        &lt;button type="button" class="emoji-btn" data-item="curd" data-value="4"&gt;🙂&lt;/button&gt;
                        &lt;button type="button" class="emoji-... (set the log level to DEBUG or TRACE to see the full content) 
 </msg>
<msg time="2026-04-19T13:43:26.633833" level="INFO">${resp} = &lt;Response [429]&gt;</msg>
<var>${resp}</var>
<arg>messmate</arg>
<arg>/submit</arg>
<arg>data=${data}</arg>
<arg>expected_status=any</arg>
<doc>Sends a POST request on a previously created HTTP Session.</doc>
<status status="PASS" start="2026-04-19T13:43:26.627752" elapsed="0.006136"/>
</kw>
<kw name="Should Not Contain" owner="BuiltIn">
<arg>${resp.url}</arg>
<arg>/thanks</arg>
<doc>Fails if ``container`` contains ``item`` one or more times.</doc>
<status status="PASS" start="2026-04-19T13:43:26.634340" elapsed="0.001150"/>
</kw>
<doc>POST /submit with overall=9 (out of range) should not accept.</doc>
<tag>api</tag>
<tag>submission</tag>
<tag>validation</tag>
<status status="PASS" start="2026-04-19T13:43:26.626186" elapsed="0.009579"/>
</test>
<test id="s1-t6" name="TC44 POST With Non-Numeric Overall Returns Error" line="61">
<kw name="Create Dictionary" owner="BuiltIn">
<msg time="2026-04-19T13:43:26.637407" level="INFO">${data} = {'overall': 'abc'}</msg>
<var>${data}</var>
<arg>overall=abc</arg>
<doc>Creates and returns a dictionary based on the given ``items``.</doc>
<status status="PASS" start="2026-04-19T13:43:26.636860" elapsed="0.000599"/>
</kw>
<kw name="POST On Session" owner="RequestsLibrary">
<msg time="2026-04-19T13:43:26.643664" level="INFO">POST Request : url=http://localhost:5000/submit 
 path_url=/submit 
 headers={'User-Agent': 'python-requests/2.32.5', 'Accept-Encoding': 'gzip, deflate', 'Accept': '*/*', 'Connection': 'keep-alive', 'Content-Length': '11', 'Content-Type': 'application/x-www-form-urlencoded'} 
 body=overall=abc 
 </msg>
<msg time="2026-04-19T13:43:26.643853" level="INFO">POST Response : url=http://localhost:5000/submit 
 status=429, reason=TOO MANY REQUESTS 
 headers={'Server': 'Werkzeug/3.1.8 Python/3.9.6', 'Date': 'Sun, 19 Apr 2026 08:13:26 GMT', 'Content-Type': 'text/html; charset=utf-8', 'Content-Length': '16748', 'Connection': 'close'} 
 body=&lt;!--
  MessMate Student Feedback Form (form.html)
  ------------------------------------------
  This Jinja2 template renders the mobile-first frontend form where students
  can submit their daily lunch ratings, dish specific ratings, text reviews,
  and dish suggestions. It includes inline Javascript to handle the mutual 
  exclusivity of the emoji buttons and the conditional logic for the Rice select dropdown.

  Test Automation Attributes:
    - id="submit-btn" on submit button
    - data-rice-row="curry" / data-rice-row="rasam" on rice containers
    - data-item="&lt;item_name&gt;" on item emoji buttons
    - class="error-banner" on error alert
--&gt;

&lt;!DOCTYPE html&gt;
&lt;html lang="en"&gt;
&lt;head&gt;
    &lt;meta charset="UTF-8"&gt;
    &lt;meta name="viewport" content="width=device-width, initial-scale=1.0"&gt;
    &lt;title&gt;MessMate — Rate Today's Lunch 🍱&lt;/title&gt;
    &lt;link rel="stylesheet" href="/static/style.css"&gt;
&lt;/head&gt;
&lt;body&gt;
    &lt;header&gt;
        &lt;h1&gt;MessMate&lt;/h1&gt;
        &lt;p&gt;Rate Today's Lunch 🍱&lt;/p&gt;
    &lt;/header&gt;

    &lt;main&gt;
        
        &lt;div class="alert error error-banner"&gt;You&amp;#39;ve already submitted feedback for today. Come back tomorrow! 😊&lt;/div&gt;
        
        
        &lt;form id="feedbackForm" action="/submit" method="POST"&gt;
            
            &lt;!-- SECTION 1: Overall Rating --&gt;
            &lt;section class="card section-overall"&gt;
                &lt;h2&gt;How was today's lunch overall?&lt;/h2&gt;
                &lt;div class="emoji-group" data-input="overall_val"&gt;
                    &lt;button type="button" class="emoji-btn" data-value="1"&gt;😡&lt;br&gt;&lt;span&gt;Terrible&lt;/span&gt;&lt;/button&gt;
                    &lt;button type="button" class="emoji-btn" data-value="2"&gt;😕&lt;br&gt;&lt;span&gt;Bad&lt;/span&gt;&lt;/button&gt;
                    &lt;button type="button" class="emoji-btn" data-value="3"&gt;😐&lt;br&gt;&lt;span&gt;Okay&lt;/span&gt;&lt;/button&gt;
                    &lt;button type="button" class="emoji-btn" data-value="4"&gt;🙂&lt;br&gt;&lt;span&gt;Good&lt;/span&gt;&lt;/button&gt;
                    &lt;button type="button" class="emoji-btn" data-value="5"&gt;😄&lt;br&gt;&lt;span&gt;Excellent&lt;/span&gt;&lt;/button&gt;
                &lt;/div&gt;
                &lt;input type="hidden" name="overall" id="overall_val"&gt;
            &lt;/section&gt;

            &lt;!-- SECTION 2: Per-Item Ratings --&gt;
            &lt;section class="section-items"&gt;
                &lt;h2&gt;Rate individual items &lt;span class="subtext"&gt;(optional)&lt;/span&gt;&lt;/h2&gt;
                &lt;p class="subtext-line"&gt;Only rate what was served today&lt;/p&gt;

                &lt;!-- Rice Card --&gt;
                &lt;div class="card item-card" id="rice-card"&gt;
                    &lt;label for="rice_served" class="item-label"&gt;🍚 Rice&lt;/label&gt;
                    &lt;select id="rice_served" name="rice_served" class="dropdown"&gt;
                        &lt;option value=""&gt;Select...&lt;/option&gt;
                        &lt;option value="curry"&gt;Curry&lt;/option&gt;
                        &lt;option value="rasam"&gt;Rasam&lt;/option&gt;
                        &lt;option value="both"&gt;Both&lt;/option&gt;
                    &lt;/select&gt;

                    &lt;div id="rice_curry_container" class="conditional-rating hidden" data-rice-row="curry"&gt;
                        &lt;p class="sub-label"&gt;Rice + Curry&lt;/p&gt;
                        &lt;div class="emoji-group small-group" data-input="rice_curry_val"&gt;
                            &lt;button type="button" class="emoji-btn" data-item="rice_curry" data-value="1"&gt;😡&lt;/button&gt;
                            &lt;button type="button" class="emoji-btn" data-item="rice_curry" data-value="2"&gt;😕&lt;/button&gt;
                            &lt;button type="button" class="emoji-btn" data-item="rice_curry" data-value="3"&gt;😐&lt;/button&gt;
                            &lt;button type="button" class="emoji-btn" data-item="rice_curry" data-value="4"&gt;🙂&lt;/button&gt;
                            &lt;button type="button" class="emoji-btn" data-item="rice_curry" data-value="5"&gt;😄&lt;/button&gt;
                        &lt;/div&gt;
                        &lt;input type="hidden" name="rice_curry" id="rice_curry_val"&gt;
                    &lt;/div&gt;

                    &lt;div id="rice_rasam_container" class="conditional-rating hidden" data-rice-row="rasam"&gt;
                        &lt;p class="sub-label"&gt;Rice + Rasam&lt;/p&gt;
                        &lt;div class="emoji-group small-group" data-input="rice_rasam_val"&gt;
                            &lt;button type="button" class="emoji-btn" data-item="rice_rasam" data-value="1"&gt;😡&lt;/button&gt;
                            &lt;button type="button" class="emoji-btn" data-item="rice_rasam" data-value="2"&gt;😕&lt;/button&gt;
                            &lt;button type="button" class="emoji-btn" data-item="rice_rasam" data-value="3"&gt;😐&lt;/button&gt;
                            &lt;button type="button" class="emoji-btn" data-item="rice_rasam" data-value="4"&gt;🙂&lt;/button&gt;
                            &lt;button type="button" class="emoji-btn" data-item="rice_rasam" data-value="5"&gt;😄&lt;/button&gt;
                        &lt;/div&gt;
                        &lt;input type="hidden" name="rice_rasam" id="rice_rasam_val"&gt;
                    &lt;/div&gt;
                &lt;/div&gt;

                &lt;!-- Standard Item Cards --&gt;
                &lt;div class="card item-card"&gt;
                    &lt;label class="item-label"&gt;🫓 Chapati&lt;/label&gt;
                    &lt;div class="emoji-group small-group" data-input="chapati_val"&gt;
                        &lt;button type="button" class="emoji-btn" data-item="chapati" data-value="1"&gt;😡&lt;/button&gt;
                        &lt;button type="button" class="emoji-btn" data-item="chapati" data-value="2"&gt;😕&lt;/button&gt;
                        &lt;button type="button" class="emoji-btn" data-item="chapati" data-value="3"&gt;😐&lt;/button&gt;
                        &lt;button type="button" class="emoji-btn" data-item="chapati" data-value="4"&gt;🙂&lt;/button&gt;
                        &lt;button type="button" class="emoji-btn" data-item="chapati" data-value="5"&gt;😄&lt;/button&gt;
                    &lt;/div&gt;
                    &lt;input type="hidden" name="chapati" id="chapati_val"&gt;
                &lt;/div&gt;

                &lt;div class="card item-card"&gt;
                    &lt;label class="item-label"&gt;🫓 Chapati + Gravy / Sabzi&lt;/label&gt;
                    &lt;div class="emoji-group small-group" data-input="chapati_gravy_val"&gt;
                        &lt;button type="button" class="emoji-btn" data-item="chapati_gravy" data-value="1"&gt;😡&lt;/button&gt;
                        &lt;button type="button" class="emoji-btn" data-item="chapati_gravy" data-value="2"&gt;😕&lt;/button&gt;
                        &lt;button type="button" class="emoji-btn" data-item="chapati_gravy" data-value="3"&gt;😐&lt;/button&gt;
                        &lt;button type="button" class="emoji-btn" data-item="chapati_gravy" data-value="4"&gt;🙂&lt;/button&gt;
                        &lt;button type="button" class="emoji-btn" data-item="chapati_gravy" data-value="5"&gt;😄&lt;/button&gt;
                    &lt;/div&gt;
                    &lt;input type="hidden" name="chapati_gravy" id="chapati_gravy_val"&gt;
                &lt;/div&gt;

                &lt;div class="card item-card"&gt;
                    &lt;label class="item-label"&gt;🥬 Poriyal&lt;/label&gt;
                    &lt;div class="emoji-group small-group" data-input="poriyal_val"&gt;
                        &lt;button type="button" class="emoji-btn" data-item="poriyal" data-value="1"&gt;😡&lt;/button&gt;
                        &lt;button type="button" class="emoji-btn" data-item="poriyal" data-value="2"&gt;😕&lt;/button&gt;
                        &lt;button type="button" class="emoji-btn" data-item="poriyal" data-value="3"&gt;😐&lt;/button&gt;
                        &lt;button type="button" class="emoji-btn" data-item="poriyal" data-value="4"&gt;🙂&lt;/button&gt;
                        &lt;button type="button" class="emoji-btn" data-item="poriyal" data-value="5"&gt;😄&lt;/button&gt;
                    &lt;/div&gt;
                    &lt;input type="hidden" name="poriyal" id="poriyal_val"&gt;
                &lt;/div&gt;

                &lt;div class="card item-card"&gt;
                    &lt;label class="item-label"&gt;🍮 Sweet / Fruits&lt;/label&gt;
                    &lt;div class="emoji-group small-group" data-input="sweet_val"&gt;
                        &lt;button type="button" class="emoji-btn" data-item="sweet" data-value="1"&gt;😡&lt;/button&gt;
                        &lt;button type="button" class="emoji-btn" data-item="sweet" data-value="2"&gt;😕&lt;/button&gt;
                        &lt;button type="button" class="emoji-btn" data-item="sweet" data-value="3"&gt;😐&lt;/button&gt;
                        &lt;button type="button" class="emoji-btn" data-item="sweet" data-value="4"&gt;🙂&lt;/button&gt;
                        &lt;button type="button" class="emoji-btn" data-item="sweet" data-value="5"&gt;😄&lt;/button&gt;
                    &lt;/div&gt;
                    &lt;input type="hidden" name="sweet" id="sweet_val"&gt;
                &lt;/div&gt;

                &lt;div class="card item-card"&gt;
                    &lt;label class="item-label"&gt;🥗 Salad&lt;/label&gt;
                    &lt;div class="emoji-group small-group" data-input="salad_val"&gt;
                        &lt;button type="button" class="emoji-btn" data-item="salad" data-value="1"&gt;😡&lt;/button&gt;
                        &lt;button type="button" class="emoji-btn" data-item="salad" data-value="2"&gt;😕&lt;/button&gt;
                        &lt;button type="button" class="emoji-btn" data-item="salad" data-value="3"&gt;😐&lt;/button&gt;
                        &lt;button type="button" class="emoji-btn" data-item="salad" data-value="4"&gt;🙂&lt;/button&gt;
                        &lt;button type="button" class="emoji-btn" data-item="salad" data-value="5"&gt;😄&lt;/button&gt;
                    &lt;/div&gt;
                    &lt;input type="hidden" name="salad" id="salad_val"&gt;
                &lt;/div&gt;

                &lt;div class="card item-card"&gt;
                    &lt;label class="item-label"&gt;🥛 Curd&lt;/label&gt;
                    &lt;div class="emoji-group small-group" data-input="curd_val"&gt;
                        &lt;button type="button" class="emoji-btn" data-item="curd" data-value="1"&gt;😡&lt;/button&gt;
                        &lt;button type="button" class="emoji-btn" data-item="curd" data-value="2"&gt;😕&lt;/button&gt;
                        &lt;button type="button" class="emoji-btn" data-item="curd" data-value="3"&gt;😐&lt;/button&gt;
                        &lt;button type="button" class="emoji-btn" data-item="curd" data-value="4"&gt;🙂&lt;/button&gt;
                        &lt;button type="button" class="emoji-... (set the log level to DEBUG or TRACE to see the full content) 
 </msg>
<msg time="2026-04-19T13:43:26.644361" level="INFO">${resp} = &lt;Response [429]&gt;</msg>
<var>${resp}</var>
<arg>messmate</arg>
<arg>/submit</arg>
<arg>data=${data}</arg>
<arg>expected_status=any</arg>
<doc>Sends a POST request on a previously created HTTP Session.</doc>
<status status="PASS" start="2026-04-19T13:43:26.637702" elapsed="0.006720"/>
</kw>
<kw name="Should Not Contain" owner="BuiltIn">
<arg>${resp.url}</arg>
<arg>/thanks</arg>
<doc>Fails if ``container`` contains ``item`` one or more times.</doc>
<status status="PASS" start="2026-04-19T13:43:26.644731" elapsed="0.001138"/>
</kw>
<doc>POST /submit with overall=abc should be rejected.</doc>
<tag>api</tag>
<tag>submission</tag>
<tag>validation</tag>
<status status="PASS" start="2026-04-19T13:43:26.636135" elapsed="0.010004"/>
</test>
<test id="s1-t7" name="TC45 POST With XSS In Review Is Accepted But Sanitized" line="69">
<kw name="Create Dictionary" owner="BuiltIn">
<msg time="2026-04-19T13:43:26.647924" level="INFO">${data} = {'overall': '3', 'review': "&lt;script&gt;alert('xss')&lt;/script&gt;"}</msg>
<var>${data}</var>
<arg>overall=3</arg>
<arg>review=&lt;script&gt;alert('xss')&lt;/script&gt;</arg>
<doc>Creates and returns a dictionary based on the given ``items``.</doc>
<status status="PASS" start="2026-04-19T13:43:26.647321" elapsed="0.000659"/>
</kw>
<kw name="POST On Session" owner="RequestsLibrary">
<msg time="2026-04-19T13:43:26.654320" level="INFO">POST Request : url=http://localhost:5000/submit 
 path_url=/submit 
 headers={'User-Agent': 'python-requests/2.32.5', 'Accept-Encoding': 'gzip, deflate', 'Accept': '*/*', 'Connection': 'keep-alive', 'Content-Length': '64', 'Content-Type': 'application/x-www-form-urlencoded'} 
 body=overall=3&amp;review=%3Cscript%3Ealert%28%27xss%27%29%3C%2Fscript%3E 
 </msg>
<msg time="2026-04-19T13:43:26.657048" level="INFO">POST Response : url=http://localhost:5000/submit 
 status=429, reason=TOO MANY REQUESTS 
 headers={'Server': 'Werkzeug/3.1.8 Python/3.9.6', 'Date': 'Sun, 19 Apr 2026 08:13:26 GMT', 'Content-Type': 'text/html; charset=utf-8', 'Content-Length': '16748', 'Connection': 'close'} 
 body=&lt;!--
  MessMate Student Feedback Form (form.html)
  ------------------------------------------
  This Jinja2 template renders the mobile-first frontend form where students
  can submit their daily lunch ratings, dish specific ratings, text reviews,
  and dish suggestions. It includes inline Javascript to handle the mutual 
  exclusivity of the emoji buttons and the conditional logic for the Rice select dropdown.

  Test Automation Attributes:
    - id="submit-btn" on submit button
    - data-rice-row="curry" / data-rice-row="rasam" on rice containers
    - data-item="&lt;item_name&gt;" on item emoji buttons
    - class="error-banner" on error alert
--&gt;

&lt;!DOCTYPE html&gt;
&lt;html lang="en"&gt;
&lt;head&gt;
    &lt;meta charset="UTF-8"&gt;
    &lt;meta name="viewport" content="width=device-width, initial-scale=1.0"&gt;
    &lt;title&gt;MessMate — Rate Today's Lunch 🍱&lt;/title&gt;
    &lt;link rel="stylesheet" href="/static/style.css"&gt;
&lt;/head&gt;
&lt;body&gt;
    &lt;header&gt;
        &lt;h1&gt;MessMate&lt;/h1&gt;
        &lt;p&gt;Rate Today's Lunch 🍱&lt;/p&gt;
    &lt;/header&gt;

    &lt;main&gt;
        
        &lt;div class="alert error error-banner"&gt;You&amp;#39;ve already submitted feedback for today. Come back tomorrow! 😊&lt;/div&gt;
        
        
        &lt;form id="feedbackForm" action="/submit" method="POST"&gt;
            
            &lt;!-- SECTION 1: Overall Rating --&gt;
            &lt;section class="card section-overall"&gt;
                &lt;h2&gt;How was today's lunch overall?&lt;/h2&gt;
                &lt;div class="emoji-group" data-input="overall_val"&gt;
                    &lt;button type="button" class="emoji-btn" data-value="1"&gt;😡&lt;br&gt;&lt;span&gt;Terrible&lt;/span&gt;&lt;/button&gt;
                    &lt;button type="button" class="emoji-btn" data-value="2"&gt;😕&lt;br&gt;&lt;span&gt;Bad&lt;/span&gt;&lt;/button&gt;
                    &lt;button type="button" class="emoji-btn" data-value="3"&gt;😐&lt;br&gt;&lt;span&gt;Okay&lt;/span&gt;&lt;/button&gt;
                    &lt;button type="button" class="emoji-btn" data-value="4"&gt;🙂&lt;br&gt;&lt;span&gt;Good&lt;/span&gt;&lt;/button&gt;
                    &lt;button type="button" class="emoji-btn" data-value="5"&gt;😄&lt;br&gt;&lt;span&gt;Excellent&lt;/span&gt;&lt;/button&gt;
                &lt;/div&gt;
                &lt;input type="hidden" name="overall" id="overall_val"&gt;
            &lt;/section&gt;

            &lt;!-- SECTION 2: Per-Item Ratings --&gt;
            &lt;section class="section-items"&gt;
                &lt;h2&gt;Rate individual items &lt;span class="subtext"&gt;(optional)&lt;/span&gt;&lt;/h2&gt;
                &lt;p class="subtext-line"&gt;Only rate what was served today&lt;/p&gt;

                &lt;!-- Rice Card --&gt;
                &lt;div class="card item-card" id="rice-card"&gt;
                    &lt;label for="rice_served" class="item-label"&gt;🍚 Rice&lt;/label&gt;
                    &lt;select id="rice_served" name="rice_served" class="dropdown"&gt;
                        &lt;option value=""&gt;Select...&lt;/option&gt;
                        &lt;option value="curry"&gt;Curry&lt;/option&gt;
                        &lt;option value="rasam"&gt;Rasam&lt;/option&gt;
                        &lt;option value="both"&gt;Both&lt;/option&gt;
                    &lt;/select&gt;

                    &lt;div id="rice_curry_container" class="conditional-rating hidden" data-rice-row="curry"&gt;
                        &lt;p class="sub-label"&gt;Rice + Curry&lt;/p&gt;
                        &lt;div class="emoji-group small-group" data-input="rice_curry_val"&gt;
                            &lt;button type="button" class="emoji-btn" data-item="rice_curry" data-value="1"&gt;😡&lt;/button&gt;
                            &lt;button type="button" class="emoji-btn" data-item="rice_curry" data-value="2"&gt;😕&lt;/button&gt;
                            &lt;button type="button" class="emoji-btn" data-item="rice_curry" data-value="3"&gt;😐&lt;/button&gt;
                            &lt;button type="button" class="emoji-btn" data-item="rice_curry" data-value="4"&gt;🙂&lt;/button&gt;
                            &lt;button type="button" class="emoji-btn" data-item="rice_curry" data-value="5"&gt;😄&lt;/button&gt;
                        &lt;/div&gt;
                        &lt;input type="hidden" name="rice_curry" id="rice_curry_val"&gt;
                    &lt;/div&gt;

                    &lt;div id="rice_rasam_container" class="conditional-rating hidden" data-rice-row="rasam"&gt;
                        &lt;p class="sub-label"&gt;Rice + Rasam&lt;/p&gt;
                        &lt;div class="emoji-group small-group" data-input="rice_rasam_val"&gt;
                            &lt;button type="button" class="emoji-btn" data-item="rice_rasam" data-value="1"&gt;😡&lt;/button&gt;
                            &lt;button type="button" class="emoji-btn" data-item="rice_rasam" data-value="2"&gt;😕&lt;/button&gt;
                            &lt;button type="button" class="emoji-btn" data-item="rice_rasam" data-value="3"&gt;😐&lt;/button&gt;
                            &lt;button type="button" class="emoji-btn" data-item="rice_rasam" data-value="4"&gt;🙂&lt;/button&gt;
                            &lt;button type="button" class="emoji-btn" data-item="rice_rasam" data-value="5"&gt;😄&lt;/button&gt;
                        &lt;/div&gt;
                        &lt;input type="hidden" name="rice_rasam" id="rice_rasam_val"&gt;
                    &lt;/div&gt;
                &lt;/div&gt;

                &lt;!-- Standard Item Cards --&gt;
                &lt;div class="card item-card"&gt;
                    &lt;label class="item-label"&gt;🫓 Chapati&lt;/label&gt;
                    &lt;div class="emoji-group small-group" data-input="chapati_val"&gt;
                        &lt;button type="button" class="emoji-btn" data-item="chapati" data-value="1"&gt;😡&lt;/button&gt;
                        &lt;button type="button" class="emoji-btn" data-item="chapati" data-value="2"&gt;😕&lt;/button&gt;
                        &lt;button type="button" class="emoji-btn" data-item="chapati" data-value="3"&gt;😐&lt;/button&gt;
                        &lt;button type="button" class="emoji-btn" data-item="chapati" data-value="4"&gt;🙂&lt;/button&gt;
                        &lt;button type="button" class="emoji-btn" data-item="chapati" data-value="5"&gt;😄&lt;/button&gt;
                    &lt;/div&gt;
                    &lt;input type="hidden" name="chapati" id="chapati_val"&gt;
                &lt;/div&gt;

                &lt;div class="card item-card"&gt;
                    &lt;label class="item-label"&gt;🫓 Chapati + Gravy / Sabzi&lt;/label&gt;
                    &lt;div class="emoji-group small-group" data-input="chapati_gravy_val"&gt;
                        &lt;button type="button" class="emoji-btn" data-item="chapati_gravy" data-value="1"&gt;😡&lt;/button&gt;
                        &lt;button type="button" class="emoji-btn" data-item="chapati_gravy" data-value="2"&gt;😕&lt;/button&gt;
                        &lt;button type="button" class="emoji-btn" data-item="chapati_gravy" data-value="3"&gt;😐&lt;/button&gt;
                        &lt;button type="button" class="emoji-btn" data-item="chapati_gravy" data-value="4"&gt;🙂&lt;/button&gt;
                        &lt;button type="button" class="emoji-btn" data-item="chapati_gravy" data-value="5"&gt;😄&lt;/button&gt;
                    &lt;/div&gt;
                    &lt;input type="hidden" name="chapati_gravy" id="chapati_gravy_val"&gt;
                &lt;/div&gt;

                &lt;div class="card item-card"&gt;
                    &lt;label class="item-label"&gt;🥬 Poriyal&lt;/label&gt;
                    &lt;div class="emoji-group small-group" data-input="poriyal_val"&gt;
                        &lt;button type="button" class="emoji-btn" data-item="poriyal" data-value="1"&gt;😡&lt;/button&gt;
                        &lt;button type="button" class="emoji-btn" data-item="poriyal" data-value="2"&gt;😕&lt;/button&gt;
                        &lt;button type="button" class="emoji-btn" data-item="poriyal" data-value="3"&gt;😐&lt;/button&gt;
                        &lt;button type="button" class="emoji-btn" data-item="poriyal" data-value="4"&gt;🙂&lt;/button&gt;
                        &lt;button type="button" class="emoji-btn" data-item="poriyal" data-value="5"&gt;😄&lt;/button&gt;
                    &lt;/div&gt;
                    &lt;input type="hidden" name="poriyal" id="poriyal_val"&gt;
                &lt;/div&gt;

                &lt;div class="card item-card"&gt;
                    &lt;label class="item-label"&gt;🍮 Sweet / Fruits&lt;/label&gt;
                    &lt;div class="emoji-group small-group" data-input="sweet_val"&gt;
                        &lt;button type="button" class="emoji-btn" data-item="sweet" data-value="1"&gt;😡&lt;/button&gt;
                        &lt;button type="button" class="emoji-btn" data-item="sweet" data-value="2"&gt;😕&lt;/button&gt;
                        &lt;button type="button" class="emoji-btn" data-item="sweet" data-value="3"&gt;😐&lt;/button&gt;
                        &lt;button type="button" class="emoji-btn" data-item="sweet" data-value="4"&gt;🙂&lt;/button&gt;
                        &lt;button type="button" class="emoji-btn" data-item="sweet" data-value="5"&gt;😄&lt;/button&gt;
                    &lt;/div&gt;
                    &lt;input type="hidden" name="sweet" id="sweet_val"&gt;
                &lt;/div&gt;

                &lt;div class="card item-card"&gt;
                    &lt;label class="item-label"&gt;🥗 Salad&lt;/label&gt;
                    &lt;div class="emoji-group small-group" data-input="salad_val"&gt;
                        &lt;button type="button" class="emoji-btn" data-item="salad" data-value="1"&gt;😡&lt;/button&gt;
                        &lt;button type="button" class="emoji-btn" data-item="salad" data-value="2"&gt;😕&lt;/button&gt;
                        &lt;button type="button" class="emoji-btn" data-item="salad" data-value="3"&gt;😐&lt;/button&gt;
                        &lt;button type="button" class="emoji-btn" data-item="salad" data-value="4"&gt;🙂&lt;/button&gt;
                        &lt;button type="button" class="emoji-btn" data-item="salad" data-value="5"&gt;😄&lt;/button&gt;
                    &lt;/div&gt;
                    &lt;input type="hidden" name="salad" id="salad_val"&gt;
                &lt;/div&gt;

                &lt;div class="card item-card"&gt;
                    &lt;label class="item-label"&gt;🥛 Curd&lt;/label&gt;
                    &lt;div class="emoji-group small-group" data-input="curd_val"&gt;
                        &lt;button type="button" class="emoji-btn" data-item="curd" data-value="1"&gt;😡&lt;/button&gt;
                        &lt;button type="button" class="emoji-btn" data-item="curd" data-value="2"&gt;😕&lt;/button&gt;
                        &lt;button type="button" class="emoji-btn" data-item="curd" data-value="3"&gt;😐&lt;/button&gt;
                        &lt;button type="button" class="emoji-btn" data-item="curd" data-value="4"&gt;🙂&lt;/button&gt;
                        &lt;button type="button" class="emoji-... (set the log level to DEBUG or TRACE to see the full content) 
 </msg>
<msg time="2026-04-19T13:43:26.657657" level="INFO">${resp} = &lt;Response [429]&gt;</msg>
<var>${resp}</var>
<arg>messmate</arg>
<arg>/submit</arg>
<arg>data=${data}</arg>
<arg>expected_status=any</arg>
<doc>Sends a POST request on a previously created HTTP Session.</doc>
<status status="PASS" start="2026-04-19T13:43:26.648235" elapsed="0.009480"/>
</kw>
<kw name="Should Be True" owner="BuiltIn">
<msg time="2026-04-19T13:43:26.659195" level="FAIL">'429 in [200, 302]' should be true.</msg>
<arg>${resp.status_code} in [200, 302]</arg>
<doc>Fails if the given condition is not true.</doc>
<status status="FAIL" start="2026-04-19T13:43:26.658042" elapsed="0.001268">'429 in [200, 302]' should be true.</status>
</kw>
<doc>XSS in the review field should be accepted but sanitized server-side.</doc>
<tag>api</tag>
<tag>security</tag>
<status status="FAIL" start="2026-04-19T13:43:26.646525" elapsed="0.013084">'429 in [200, 302]' should be true.</status>
</test>
<test id="s1-t8" name="TC46 POST With Overlong Review Is Truncated Or Rejected" line="80">
<kw name="Generate Random String" owner="String">
<msg time="2026-04-19T13:43:26.661529" level="INFO">${long_review} = mWhISZwpLCZHDubwypxjKbrhgymLMQcaeVmAmSUrnoHaIIHqVKkOiugIyySwtvrkKNjdhASWJIoeINIYMndRSPqTLkopNVZcXmIVjnxhTCtpAkQCaJNKLyygUbzYjZNsxsUpBiRqYNIaaeBZsRdcXwfbvfYNnfKBaFBCkWMSuZbCoKprCrDcehNognCehzrmmcMSUWDY</msg>
<var>${long_review}</var>
<arg>200</arg>
<arg>[LETTERS]</arg>
<doc>Generates a string with a desired ``length`` from the given ``chars``.</doc>
<status status="PASS" start="2026-04-19T13:43:26.660771" elapsed="0.000815"/>
</kw>
<kw name="Create Dictionary" owner="BuiltIn">
<msg time="2026-04-19T13:43:26.662516" level="INFO">${data} = {'overall': '3', 'review': 'mWhISZwpLCZHDubwypxjKbrhgymLMQcaeVmAmSUrnoHaIIHqVKkOiugIyySwtvrkKNjdhASWJIoeINIYMndRSPqTLkopNVZcXmIVjnxhTCtpAkQCaJNKLyygUbzYjZNsxsUpBiRqYNIaaeBZsRdcXwfbvfYNnfKBaFBCkWMSuZbC...</msg>
<var>${data}</var>
<arg>overall=3</arg>
<arg>review=${long_review}</arg>
<doc>Creates and returns a dictionary based on the given ``items``.</doc>
<status status="PASS" start="2026-04-19T13:43:26.661864" elapsed="0.000704"/>
</kw>
<kw name="POST On Session" owner="RequestsLibrary">
<msg time="2026-04-19T13:43:26.672623" level="INFO">POST Request : url=http://localhost:5000/submit 
 path_url=/submit 
 headers={'User-Agent': 'python-requests/2.32.5', 'Accept-Encoding': 'gzip, deflate', 'Accept': '*/*', 'Connection': 'keep-alive', 'Content-Length': '217', 'Content-Type': 'application/x-www-form-urlencoded'} 
 body=overall=3&amp;review=mWhISZwpLCZHDubwypxjKbrhgymLMQcaeVmAmSUrnoHaIIHqVKkOiugIyySwtvrkKNjdhASWJIoeINIYMndRSPqTLkopNVZcXmIVjnxhTCtpAkQCaJNKLyygUbzYjZNsxsUpBiRqYNIaaeBZsRdcXwfbvfYNnfKBaFBCkWMSuZbCoKprCrDcehNognCehzrmmcMSUWDY 
 </msg>
<msg time="2026-04-19T13:43:26.672804" level="INFO">POST Response : url=http://localhost:5000/submit 
 status=429, reason=TOO MANY REQUESTS 
 headers={'Server': 'Werkzeug/3.1.8 Python/3.9.6', 'Date': 'Sun, 19 Apr 2026 08:13:26 GMT', 'Content-Type': 'text/html; charset=utf-8', 'Content-Length': '16748', 'Connection': 'close'} 
 body=&lt;!--
  MessMate Student Feedback Form (form.html)
  ------------------------------------------
  This Jinja2 template renders the mobile-first frontend form where students
  can submit their daily lunch ratings, dish specific ratings, text reviews,
  and dish suggestions. It includes inline Javascript to handle the mutual 
  exclusivity of the emoji buttons and the conditional logic for the Rice select dropdown.

  Test Automation Attributes:
    - id="submit-btn" on submit button
    - data-rice-row="curry" / data-rice-row="rasam" on rice containers
    - data-item="&lt;item_name&gt;" on item emoji buttons
    - class="error-banner" on error alert
--&gt;

&lt;!DOCTYPE html&gt;
&lt;html lang="en"&gt;
&lt;head&gt;
    &lt;meta charset="UTF-8"&gt;
    &lt;meta name="viewport" content="width=device-width, initial-scale=1.0"&gt;
    &lt;title&gt;MessMate — Rate Today's Lunch 🍱&lt;/title&gt;
    &lt;link rel="stylesheet" href="/static/style.css"&gt;
&lt;/head&gt;
&lt;body&gt;
    &lt;header&gt;
        &lt;h1&gt;MessMate&lt;/h1&gt;
        &lt;p&gt;Rate Today's Lunch 🍱&lt;/p&gt;
    &lt;/header&gt;

    &lt;main&gt;
        
        &lt;div class="alert error error-banner"&gt;You&amp;#39;ve already submitted feedback for today. Come back tomorrow! 😊&lt;/div&gt;
        
        
        &lt;form id="feedbackForm" action="/submit" method="POST"&gt;
            
            &lt;!-- SECTION 1: Overall Rating --&gt;
            &lt;section class="card section-overall"&gt;
                &lt;h2&gt;How was today's lunch overall?&lt;/h2&gt;
                &lt;div class="emoji-group" data-input="overall_val"&gt;
                    &lt;button type="button" class="emoji-btn" data-value="1"&gt;😡&lt;br&gt;&lt;span&gt;Terrible&lt;/span&gt;&lt;/button&gt;
                    &lt;button type="button" class="emoji-btn" data-value="2"&gt;😕&lt;br&gt;&lt;span&gt;Bad&lt;/span&gt;&lt;/button&gt;
                    &lt;button type="button" class="emoji-btn" data-value="3"&gt;😐&lt;br&gt;&lt;span&gt;Okay&lt;/span&gt;&lt;/button&gt;
                    &lt;button type="button" class="emoji-btn" data-value="4"&gt;🙂&lt;br&gt;&lt;span&gt;Good&lt;/span&gt;&lt;/button&gt;
                    &lt;button type="button" class="emoji-btn" data-value="5"&gt;😄&lt;br&gt;&lt;span&gt;Excellent&lt;/span&gt;&lt;/button&gt;
                &lt;/div&gt;
                &lt;input type="hidden" name="overall" id="overall_val"&gt;
            &lt;/section&gt;

            &lt;!-- SECTION 2: Per-Item Ratings --&gt;
            &lt;section class="section-items"&gt;
                &lt;h2&gt;Rate individual items &lt;span class="subtext"&gt;(optional)&lt;/span&gt;&lt;/h2&gt;
                &lt;p class="subtext-line"&gt;Only rate what was served today&lt;/p&gt;

                &lt;!-- Rice Card --&gt;
                &lt;div class="card item-card" id="rice-card"&gt;
                    &lt;label for="rice_served" class="item-label"&gt;🍚 Rice&lt;/label&gt;
                    &lt;select id="rice_served" name="rice_served" class="dropdown"&gt;
                        &lt;option value=""&gt;Select...&lt;/option&gt;
                        &lt;option value="curry"&gt;Curry&lt;/option&gt;
                        &lt;option value="rasam"&gt;Rasam&lt;/option&gt;
                        &lt;option value="both"&gt;Both&lt;/option&gt;
                    &lt;/select&gt;

                    &lt;div id="rice_curry_container" class="conditional-rating hidden" data-rice-row="curry"&gt;
                        &lt;p class="sub-label"&gt;Rice + Curry&lt;/p&gt;
                        &lt;div class="emoji-group small-group" data-input="rice_curry_val"&gt;
                            &lt;button type="button" class="emoji-btn" data-item="rice_curry" data-value="1"&gt;😡&lt;/button&gt;
                            &lt;button type="button" class="emoji-btn" data-item="rice_curry" data-value="2"&gt;😕&lt;/button&gt;
                            &lt;button type="button" class="emoji-btn" data-item="rice_curry" data-value="3"&gt;😐&lt;/button&gt;
                            &lt;button type="button" class="emoji-btn" data-item="rice_curry" data-value="4"&gt;🙂&lt;/button&gt;
                            &lt;button type="button" class="emoji-btn" data-item="rice_curry" data-value="5"&gt;😄&lt;/button&gt;
                        &lt;/div&gt;
                        &lt;input type="hidden" name="rice_curry" id="rice_curry_val"&gt;
                    &lt;/div&gt;

                    &lt;div id="rice_rasam_container" class="conditional-rating hidden" data-rice-row="rasam"&gt;
                        &lt;p class="sub-label"&gt;Rice + Rasam&lt;/p&gt;
                        &lt;div class="emoji-group small-group" data-input="rice_rasam_val"&gt;
                            &lt;button type="button" class="emoji-btn" data-item="rice_rasam" data-value="1"&gt;😡&lt;/button&gt;
                            &lt;button type="button" class="emoji-btn" data-item="rice_rasam" data-value="2"&gt;😕&lt;/button&gt;
                            &lt;button type="button" class="emoji-btn" data-item="rice_rasam" data-value="3"&gt;😐&lt;/button&gt;
                            &lt;button type="button" class="emoji-btn" data-item="rice_rasam" data-value="4"&gt;🙂&lt;/button&gt;
                            &lt;button type="button" class="emoji-btn" data-item="rice_rasam" data-value="5"&gt;😄&lt;/button&gt;
                        &lt;/div&gt;
                        &lt;input type="hidden" name="rice_rasam" id="rice_rasam_val"&gt;
                    &lt;/div&gt;
                &lt;/div&gt;

                &lt;!-- Standard Item Cards --&gt;
                &lt;div class="card item-card"&gt;
                    &lt;label class="item-label"&gt;🫓 Chapati&lt;/label&gt;
                    &lt;div class="emoji-group small-group" data-input="chapati_val"&gt;
                        &lt;button type="button" class="emoji-btn" data-item="chapati" data-value="1"&gt;😡&lt;/button&gt;
                        &lt;button type="button" class="emoji-btn" data-item="chapati" data-value="2"&gt;😕&lt;/button&gt;
                        &lt;button type="button" class="emoji-btn" data-item="chapati" data-value="3"&gt;😐&lt;/button&gt;
                        &lt;button type="button" class="emoji-btn" data-item="chapati" data-value="4"&gt;🙂&lt;/button&gt;
                        &lt;button type="button" class="emoji-btn" data-item="chapati" data-value="5"&gt;😄&lt;/button&gt;
                    &lt;/div&gt;
                    &lt;input type="hidden" name="chapati" id="chapati_val"&gt;
                &lt;/div&gt;

                &lt;div class="card item-card"&gt;
                    &lt;label class="item-label"&gt;🫓 Chapati + Gravy / Sabzi&lt;/label&gt;
[...]
<status status="PASS" start="2026-04-19T13:43:39.650494" elapsed="0.001569"/>
</kw>
<kw name="Should Contain" owner="BuiltIn">
<arg>${resp.text}</arg>
<arg>Responses Today</arg>
<doc>Fails if ``container`` does not contain ``item`` one or more times.</doc>
<status status="PASS" start="2026-04-19T13:43:39.652458" elapsed="0.001891"/>
</kw>
<kw name="Should Contain" owner="BuiltIn">
<arg>${resp.text}</arg>
<arg>trendChart</arg>
<doc>Fails if ``container`` does not contain ``item`` one or more times.</doc>
<status status="PASS" start="2026-04-19T13:43:39.654872" elapsed="0.001639"/>
</kw>
<kw name="Should Contain" owner="BuiltIn">
<arg>${resp.text}</arg>
<arg>itemChart</arg>
<doc>Fails if ``container`` does not contain ``item`` one or more times.</doc>
<status status="PASS" start="2026-04-19T13:43:39.657123" elapsed="0.002550"/>
</kw>
<kw name="Should Contain" owner="BuiltIn">
<arg>${resp.text}</arg>
<arg>Student Suggestions</arg>
<doc>Fails if ``container`` does not contain ``item`` one or more times.</doc>
<status status="PASS" start="2026-04-19T13:43:39.660407" elapsed="0.003166"/>
</kw>
<doc>Dashboard HTML should contain all four main sections.</doc>
<tag>api</tag>
<tag>dashboard</tag>
<status status="PASS" start="2026-04-19T13:43:35.934290" elapsed="3.729795"/>
</test>
<test id="s1-t15" name="TC53 CSS File Is Served" line="146">
<kw name="GET On Session" owner="RequestsLibrary">
<msg time="2026-04-19T13:43:39.677029" level="INFO">GET Request : url=http://localhost:5000/static/style.css 
 path_url=/static/style.css 
 headers={'User-Agent': 'python-requests/2.32.5', 'Accept-Encoding': 'gzip, deflate', 'Accept': '*/*', 'Connection': 'keep-alive'} 
 body=None 
 </msg>
<msg time="2026-04-19T13:43:39.677493" level="INFO">GET Response : url=http://localhost:5000/static/style.css 
 status=200, reason=OK 
 headers={'Server': 'Werkzeug/3.1.8 Python/3.9.6', 'Date': 'Sun, 19 Apr 2026 08:13:39 GMT, Sun, 19 Apr 2026 08:13:39 GMT', 'Content-Disposition': 'inline; filename=style.css', 'Content-Type': 'text/css; charset=utf-8', 'Content-Length': '6804', 'Last-Modified': 'Sun, 19 Apr 2026 07:29:17 GMT', 'Cache-Control': 'no-cache', 'ETag': '"1776583757.0059905-6804-1740576160"', 'Accept-Ranges': 'bytes', 'Connection': 'close'} 
 body=/*
 * MessMate Stylesheet (style.css)
 * --------------------------------
 * Mobile-first CSS for the MessMate feedback form and shared components.
 * Dashboard-specific styles are in dashboard.html &lt;style&gt; block.
 *
 * Color palette:
 *   Primary blue:  #2E75B6
 *   Dark blue:     #1F4E79
 *   Background:    #F7F9FC
 *   Card white:    #FFFFFF
 *   Error red bg:  #FFEBEE / text #B71C1C
 *   Success green: #E8F5E9 / text #1E6B3C
 */

/* ── Reset &amp; Base ──────────────────────────────────────────────────────────── */
* {
    box-sizing: border-box;
    margin: 0;
    padding: 0;
}

body {
    font-family: -apple-system, BlinkMacSystemFont, "Segoe UI", Roboto, Helvetica, Arial, sans-serif;
    background-color: #F7F9FC;
    color: #333333;
    line-height: 1.5;
    font-size: 16px; /* Minimum 16px — prevents iOS zoom on focus */
    padding-bottom: 40px;
}

header {
    background-color: #2E75B6;
    color: white;
    padding: 20px;
    text-align: center;
    box-shadow: 0 2px 4px rgba(0,0,0,0.1);
}

header h1 {
    font-size: 1.5rem;
    margin-bottom: 5px;
}

header p {
    font-size: 1rem;
    opacity: 0.9;
}

main {
    padding: 15px;
    max-width: 600px;
    margin: 0 auto;
}

/* ── Card Styles ───────────────────────────────────────────────────────────── */
.card {
    background-color: #FFFFFF;
    border-radius: 12px;
    padding: 20px;
    margin-bottom: 20px;
    box-shadow: 0 2px 8px rgba(0,0,0,0.05);
}

.item-card {
    padding: 15px 20px;
}

h2 {
    font-size: 1.25rem;
    margin-bottom: 12px;
    font-weight: 600;
}

.subtext {
    font-size: 0.9rem;
    color: #777;
    font-weight: normal;
}

.subtext-line {
    font-size: 0.9rem;
    color: #777;
    margin-bottom: 16px;
}

/* ── Form Elements ─────────────────────────────────────────────────────────── */
.dropdown, .suggestion-input, textarea {
    width: 100%;
    padding: 12px;
    font-size: 16px; /* Prevent iOS zoom */
    border: 1px solid #ddd;
    border-radius: 8px;
    background-color: #FAFAFA;
    transition: border-color 0.2s;
    min-height: 48px; /* Tappable minimum */
}

.dropdown:focus, .suggestion-input:focus, textarea:focus {
    outline: none;
    border-color: #2E75B6;
    background-color: #FFF;
}

textarea {
    resize: vertical;
    min-height: 100px;
}

/* Character counter */
.char-counter {
    text-align: right;
    font-size: 0.8rem;
    color: #888;
    margin-top: 5px;
}

.item-label {
    display: block;
    font-weight: 600;
    margin-bottom: 8px;
}

.sub-label {
    font-weight: 500;
    margin-bottom: 8px;
    color: #555;
    font-size: 0.95rem;
}

/* ── Emoji Rating Buttons ──────────────────────────────────────────────────── */
.emoji-group {
    display: flex;
    justify-content: space-between;
    margin-top: 10px;
}

.emoji-btn {
    background: transparent;
    border: 2px solid transparent;
    border-radius: 12px;
    padding: 10px 5px;
    cursor: pointer;
    text-align: center;
    transition: all 0.2s;
    min-width: 44px;  /* Tappable minimum 44×44px */
    min-height: 44px;
    flex: 1;
    margin: 0 4px;
    -webkit-tap-highlight-color: transparent;
    font-size: 24px;
}

.emoji-btn:first-child { margin-left: 0; }
.emoji-btn:last-child { margin-right: 0; }

.emoji-btn span {
    display: block;
    font-size: 0.75rem;
    color: #666;
    margin-top: 4px;
}

/* Larger emojis for the overall rating section */
.section-overall .emoji-btn {
    font-size: 32px;
}

.emoji-btn:hover, .emoji-btn:active {
    background-color: #F0F4F8;
}

/* Selected state — blue ring highlight */
.emoji-btn.selected {
    border-color: #2E75B6;
    background-color: #E6F0FA;
}

.emoji-btn.selected span {
    color: #2E75B6;
    font-weight: 600;
}

/* Smaller emoji group for per-item ratings */
.small-group .emoji-btn {
    padding: 8px;
    font-size: 28px;
}

/* ── Conditional Logic (Rice dropdown) ─────────────────────────────────────── */
.hidden {
    display: none !important;
}

.conditional-rating {
    margin-top: 16px;
    padding-top: 16px;
    border-top: 1px dashed #eee;
}

/* ── Submit Button ─────────────────────────────────────────────────────────── */
.submit-container {
    padding: 0 10px;
}

.submit-btn {
    width: 100%;
    background-color: #2E75B6;
    color: white;
    border: none;
    padding: 16px;
    font-size: 1.1rem;
    font-weight: 600;
    border-radius: 12px;
    cursor: pointer;
    transition: background-color 0.2s;
    min-height: 54px;
    box-shadow: 0 4px 6px rgba(46, 117, 182, 0.2);
}

.submit-btn:hover {
    background-color: #1F4E79;
}

.submit-btn:disabled {
    background-color: #B0BEC5;
    cursor: not-allowed;
    box-shadow: none;
}

/* ── Alert Banners ─────────────────────────────────────────────────────────── */
.alert {
    padding: 15px;
    border-radius: 8px;
    margin-bottom: 20px;
    text-align: center;
    font-weight: 500;
}

.alert.error {
    background-color: #FFEBEE;
    color: #B71C1C;
    border: 1px solid #FFCDD2;
}

.alert.success {
    background-color: #E8F5E9;
    color: #1E6B3C;
    border: 1px solid #C8E6C9;
}

/* ── Dashboard Toggle Buttons ──────────────────────────────────────────────── */
.toggle-group {
    display: flex;
    gap: 8px;
}

.toggle-btn {
    padding: 6px 16px;
    font-size: 0.85rem;
    font-weight: 500;
    border: 1px solid #2E75B6;
    background: white;
    color: #2E75B6;
    border-radius: 6px;
    cursor: pointer;
    transition: all 0.2s;
}

.toggle-btn.active {
    background-color: #2E75B6;
    color: white;
}

.toggle-btn:hover:not(.active) {
    background-color: #E6F0FA;
}

/* ── Empty State ───────────────────────────────────────────────────────────── */
.empty-state {
    padding: 20px;
    text-align: center;
    color: #888;
    font-style: italic;
}
 
 </msg>
<msg time="2026-04-19T13:43:39.678387" level="INFO">${resp} = &lt;Response [200]&gt;</msg>
<var>${resp}</var>
<arg>messmate</arg>
<arg>/static/style.css</arg>
<doc>Sends a GET request on a previously created HTTP Session.</doc>
<status status="PASS" start="2026-04-19T13:43:39.666495" elapsed="0.012171"/>
</kw>
<kw name="Status Should Be" owner="RequestsLibrary">
<arg>200</arg>
<arg>${resp}</arg>
<doc>Fails if response status code is different than the expected.</doc>
<status status="PASS" start="2026-04-19T13:43:39.679957" elapsed="0.001137"/>
</kw>
<kw name="Should Contain" owner="BuiltIn">
<arg>${resp.headers}[Content-Type]</arg>
<arg>text/css</arg>
<doc>Fails if ``container`` does not contain ``item`` one or more times.</doc>
<status status="PASS" start="2026-04-19T13:43:39.682204" elapsed="0.001884"/>
</kw>
<doc>GET /static/style.css should return 200 with text/css content type.</doc>
<tag>api</tag>
<tag>assets</tag>
<status status="PASS" start="2026-04-19T13:43:39.665398" elapsed="0.019088"/>
</test>
<test id="s1-t16" name="TC54 Dashboard JS File Is Served" line="153">
<kw name="GET On Session" owner="RequestsLibrary">
<msg time="2026-04-19T13:43:39.698686" level="INFO">GET Request : url=http://localhost:5000/static/dashboard.js 
 path_url=/static/dashboard.js 
 headers={'User-Agent': 'python-requests/2.32.5', 'Accept-Encoding': 'gzip, deflate', 'Accept': '*/*', 'Connection': 'keep-alive'} 
 body=None 
 </msg>
<msg time="2026-04-19T13:43:39.699037" level="INFO">GET Response : url=http://localhost:5000/static/dashboard.js 
 status=200, reason=OK 
 headers={'Server': 'Werkzeug/3.1.8 Python/3.9.6', 'Date': 'Sun, 19 Apr 2026 08:13:39 GMT, Sun, 19 Apr 2026 08:13:39 GMT', 'Content-Disposition': 'inline; filename=dashboard.js', 'Content-Type': 'text/javascript; charset=utf-8', 'Content-Length': '7572', 'Last-Modified': 'Sun, 19 Apr 2026 07:28:42 GMT', 'Cache-Control': 'no-cache', 'ETag': '"1776583722.8325062-7572-2850887339"', 'Accept-Ranges': 'bytes', 'Connection': 'close'} 
 body=/**
 * MessMate Dashboard Charts Initialization (dashboard.js)
 * --------------------------------------------------------
 * Renders Chart.js visualizations on the Admin Dashboard.
 * Data is injected by the Flask backend via window.MESSMATE_DATA in the template.
 *
 * Charts:
 *   1. Overall Trend Line Chart (7-day / 30-day toggle)
 *   2. Today's Per-Item Scores Horizontal Bar Chart
 *
 * CRITICAL: The tooltip callback indexes into slicedData (not the full trendData array).
 * This prevents misaligned tooltips when viewing 7-day subset of 30-day data.
 */

document.addEventListener("DOMContentLoaded", function () {

  const data = window.MESSMATE_DATA;

  // ---------------------------------------------------------
  // 1. Trend Chart (Line Chart) — 7 Day / 30 Day Toggle
  // ---------------------------------------------------------
  const trendCanvas = document.getElementById("trendChart");
  let trendChartInstance = null;
  const trendData = data.trendData || [];

  function renderTrendChart(days) {
    if (!trendCanvas) return;

    // Update chart title based on toggle
    const titleEl = document.getElementById("trendChartTitle");
    if (titleEl) {
      titleEl.innerText = days === 7 ? "7-Day Overall Trend" : "30-Day Overall Trend";
    }

    // CRITICAL: Slice the data and keep a reference for the tooltip callback
    const slicedData = trendData.slice(-days);

    let labels = [];
    let avgScores = [];

    if (slicedData.length &gt; 0) {
      labels = slicedData.map(row =&gt; row.Date);
      avgScores = slicedData.map(row =&gt; row.Avg_Overall);
    } else {
      labels = ["No Data"];
      avgScores = [0];
    }

    if (trendChartInstance) {
      // Update existing chart instead of recreating
      trendChartInstance.data.labels = labels;
      trendChartInstance.data.datasets[0].data = avgScores;

      // CRITICAL: Update the tooltip callback to use the NEW slicedData reference
      trendChartInstance.options.plugins.tooltip.callbacks.label = function(context) {
        const point = slicedData[context.dataIndex];
        if (!point) return "";
        const avg = context.parsed.y.toFixed(1);
        const count = point.Response_Count || 0;
        return [" Avg Score: " + avg, " Responses: " + count];
      };

      trendChartInstance.update();
    } else {
      // Create chart for the first time
      const trendCtx = trendCanvas.getContext("2d");
      trendChartInstance = new Chart(trendCtx, {
        type: "line",
        data: {
          labels: labels,
          datasets: [{
            label: "Overall Avg Score",
            data: avgScores,
            borderColor: "#2E75B6",
            backgroundColor: "rgba(46, 117, 182, 0.1)",
            borderWidth: 3,
            tension: 0.4,
            fill: true,
            pointBackgroundColor: "#1F4E79",
            pointRadius: 4,
            pointHoverRadius: 6
          }]
        },
        options: {
          responsive: true,
          maintainAspectRatio: false,
          scales: {
            y: {
              beginAtZero: true,
              min: 0,
              max: 5,
              ticks: { stepSize: 1 }
            }
          },
          plugins: {
            legend: { display: false },
            tooltip: {
              callbacks: {
                label: function(context) {
                  // Use slicedData — NOT trendData — to prevent index misalignment
                  const point = slicedData[context.dataIndex];
                  if (!point) return "";
                  const avg = context.parsed.y.toFixed(1);
                  const count = point.Response_Count || 0;
                  return [" Avg Score: " + avg, " Responses: " + count];
                }
              }
            }
          }
        }
      });
    }
  }

  // Initial render — show 7 days
  renderTrendChart(7);

  // Toggle event listeners
  const btn7Days = document.getElementById("btn7Days");
  const btn30Days = document.getElementById("btn30Days");

  if (btn7Days &amp;&amp; btn30Days) {
    btn7Days.addEventListener("click", () =&gt; {
      btn7Days.classList.add("active");
      btn30Days.classList.remove("active");
      renderTrendChart(7);
    });

    btn30Days.addEventListener("click", () =&gt; {
      btn30Days.classList.add("active");
      btn7Days.classList.remove("active");
      renderTrendChart(30);
    });
  }

  // ---------------------------------------------------------
  // 2. Per-Item Scores Chart (Horizontal Bar Chart)
  // ---------------------------------------------------------
  const itemCanvas = document.getElementById("itemChart");

  if (itemCanvas) {
    const itemCtx = itemCanvas.getContext("2d");
    const itemDataRaw = data.itemData || {};

    // Item keys in display order
    const itemKeys = [
      "Rice_Curry", "Rice_Rasam", "Chapati", "Chapati_Gravy",
      "Poriyal", "Sweet", "Salad", "Curd", "Papad", "Pickle"
    ];

    // Readable display names
    const displayNames = {
      "Rice_Curry": "Rice + Curry",
      "Rice_Rasam": "Rice + Rasam",
      "Chapati": "Chapati",
      "Chapati_Gravy": "Chapati + Gravy",
      "Poriyal": "Poriyal",
      "Sweet": "Sweet / Fruits",
      "Salad": "Salad",
      "Curd": "Curd",
      "Papad": "Papad",
      "Pickle": "Pickle / Thogayal"
    };

    let chartLabels = [];
    let chartScores = [];
    let bgColors = [];
    // Track which keys are plotted (for tooltip indexing)
    let plottedKeys = [];

    // Only show items with avg &gt; 0 (skip unrated items)
    itemKeys.forEach(key =&gt; {
      const itemVal = itemDataRaw[key] || { avg: 0, count: 0 };
      const score = itemVal.avg || 0;
      if (score &gt; 0) {
        chartLabels.push(displayNames[key]);
        chartScores.push(score);
        plottedKeys.push(key);

        // Color bars by score: &lt;2.5=red, 2.5-3.5=amber, &gt;3.5=green
        if (score &lt; 2.5) {
          bgColors.push("#EF5350");  // Red
        } else if (score &lt;= 3.5) {
          bgColors.push("#FFB300");  // Amber
        } else {
          bgColors.push("#66BB6A");  // Green
        }
      }
    });

    // Empty state handling
    if (chartLabels.length === 0) {
      // Show a centered message instead of an empty chart
      const wrapper = itemCanvas.parentElement;
      if (wrapper) {
        wrapper.innerHTML = '&lt;div class="empty-state"&gt;No item ratings yet.&lt;/div&gt;';
      }
    } else {
      new Chart(itemCtx, {
        type: "bar",
        data: {
          labels: chartLabels,
          datasets: [{
            label: "Average Score",
            data: chartScores,
            backgroundColor: bgColors,
            borderWidth: 0,
            borderRadius: 4
          }]
        },
        options: {
          indexAxis: "y",  // Horizontal bar chart
          responsive: true,
          maintainAspectRatio: false,
          scales: {
            x: {
              beginAtZero: true,
              min: 0,
              max: 5,
              ticks: { stepSize: 1 }
            }
          },
          plugins: {
            legend: { display: false },
            tooltip: {
              callbacks: {
                label: function(context) {
                  const key = plottedKeys[context.dataIndex];
                  const item = itemDataRaw[key];
                  const avg = item?.avg ? item.avg.toFixed(1) : "N/A";
                  const count = item?.count || 0;
                  return [" Avg Score: " + avg, " Rated by: " + count + " students"];
                }
              }
            }
          }
        }
      });
    }
  }

});
 
 </msg>
<msg time="2026-04-19T13:43:39.699483" level="INFO">${resp} = &lt;Response [200]&gt;</msg>
<var>${resp}</var>
<arg>messmate</arg>
<arg>/static/dashboard.js</arg>
<doc>Sends a GET request on a previously created HTTP Session.</doc>
<status status="PASS" start="2026-04-19T13:43:39.686497" elapsed="0.013111"/>
</kw>
<kw name="Status Should Be" owner="RequestsLibrary">
<arg>200</arg>
<arg>${resp}</arg>
<doc>Fails if response status code is different than the expected.</doc>
<status status="PASS" start="2026-04-19T13:43:39.700225" elapsed="0.000593"/>
</kw>
<kw name="Should Contain" owner="BuiltIn">
<arg>${resp.headers}[Content-Type]</arg>
<arg>javascript</arg>
<doc>Fails if ``container`` does not contain ``item`` one or more times.</doc>
<status status="PASS" start="2026-04-19T13:43:39.701219" elapsed="0.001514"/>
</kw>
<doc>GET /static/dashboard.js should return 200 with javascript content type.</doc>
<tag>api</tag>
<tag>assets</tag>
<status status="PASS" start="2026-04-19T13:43:39.685113" elapsed="0.018434"/>
</test>
<kw name="Delete All Sessions" owner="RequestsLibrary" type="TEARDOWN">
<msg time="2026-04-19T13:43:39.705502" level="INFO">Deleting All Sessions</msg>
<doc>Removes all the session objects</doc>
<status status="PASS" start="2026-04-19T13:43:39.705251" elapsed="0.000433"/>
</kw>
<doc>API/backend tests for MessMate using RequestsLibrary.
These tests run without a browser — fast for CI pipelines.
Tests health check, form submission, validation, rate limiting,
dashboard access control, and static assets.</doc>
<status status="FAIL" start="2026-04-19T13:43:26.189354" elapsed="13.516406"/>
</suite>
<statistics>
<total>
<stat pass="13" fail="3" skip="0">All Tests</stat>
</total>
<tag>
<stat pass="13" fail="3" skip="0">api</stat>
<stat pass="2" fail="0" skip="0">assets</stat>
<stat pass="2" fail="0" skip="0">dashboard</stat>
<stat pass="5" fail="0" skip="0">must</stat>
<stat pass="1" fail="0" skip="0">rate-limit</stat>
<stat pass="3" fail="1" skip="0">security</stat>
<stat pass="2" fail="0" skip="0">smoke</stat>
<stat pass="3" fail="2" skip="0">submission</stat>
<stat pass="3" fail="1" skip="0">validation</stat>
</tag>
<suite>
<stat name="Api Tests" id="s1" pass="13" fail="3" skip="0">Api Tests</stat>
</suite>
</statistics>
<errors>
</errors>
</robot>
